<?xml version="1.0" encoding="UTF-8"?>
<testng-results skipped="0" failed="0" ignored="0" total="3" passed="3">
  <reporter-output>
    <line>
      <![CDATA[<div class="test-message">&emsp;Page URL:: https://kyro-stage.us.auth0.com/login?state=hkfo2sbycdvxcm1trxf2rllxoezsujmtutloegvpu2q1thnkc6fupwxvz2luo3rpznkgefgwtejnmuncuklpukhszi1yutzxrmlkbfbtnlrjwfkjy2lk2sb4rtz4twvivjj4evv0dnrhtkhoyndwunu1mznnaljsvg&client=xe6xmebv2xyutvtgnhhbwvru533mjrlv&protocol=oauth2&audience=https%3a%2f%2fkyro-user-service-mgmqxruica-uc.a.run.app%2f&redirect_uri=https%3a%2f%2fstage.kyro.ai&scope=openid%20profile%20email%20offline_access&response_type=code&response_mode=query&nonce=qmfeaklpbu9iyu5xyjnxbxrrzhphdhnuv2rleejuaf9qauxkstjgbdfgqq%3d%3d&code_challenge=si8xarixuets4pbvhelt3xvo4jgu5yxor5hkapvctg4&code_challenge_method=s256&auth0client=eyjuyw1lijoiyxv0adatcmvhy3qilcj2zxjzaw9uijoims4xmi4xin0%3d</div>]]>
    </line>
    <line>
      <![CDATA[<div class="test-message">&emsp;Element is displayed:: [[ChromeDriver: chrome on WINDOWS (65f68ddd658b6033a43677d164ff8896)] -> name: email]</div>]]>
    </line>
    <line>
      <![CDATA[<div class="test-event"> <font color="maroon"> <small> &emsp; &emsp;--- 06 Aug 22:55:11 359 - SigninPage Loaded Successfully.</small> </font> </div>]]>
    </line>
    <line>
      <![CDATA[<div class="test-message">&emsp;1. Successfully launched kyro website&emsp;<a href=".\ScreenShot\NotificationTest_01_1.png" target="_blank" >[ScreenShot]</a></div>]]>
    </line>
    <line>
      <![CDATA[<div class="test-message">&emsp;Page URL:: https://kyro-stage.us.auth0.com/login?state=hkfo2sbycdvxcm1trxf2rllxoezsujmtutloegvpu2q1thnkc6fupwxvz2luo3rpznkgefgwtejnmuncuklpukhszi1yutzxrmlkbfbtnlrjwfkjy2lk2sb4rtz4twvivjj4evv0dnrhtkhoyndwunu1mznnaljsvg&client=xe6xmebv2xyutvtgnhhbwvru533mjrlv&protocol=oauth2&audience=https%3a%2f%2fkyro-user-service-mgmqxruica-uc.a.run.app%2f&redirect_uri=https%3a%2f%2fstage.kyro.ai&scope=openid%20profile%20email%20offline_access&response_type=code&response_mode=query&nonce=qmfeaklpbu9iyu5xyjnxbxrrzhphdhnuv2rleejuaf9qauxkstjgbdfgqq%3d%3d&code_challenge=si8xarixuets4pbvhelt3xvo4jgu5yxor5hkapvctg4&code_challenge_method=s256&auth0client=eyjuyw1lijoiyxv0adatcmvhy3qilcj2zxjzaw9uijoims4xmi4xin0%3d</div>]]>
    </line>
    <line>
      <![CDATA[<div class="test-message">&emsp;Page URL:: https://kyro-stage.us.auth0.com/login?state=hkfo2sbycdvxcm1trxf2rllxoezsujmtutloegvpu2q1thnkc6fupwxvz2luo3rpznkgefgwtejnmuncuklpukhszi1yutzxrmlkbfbtnlrjwfkjy2lk2sb4rtz4twvivjj4evv0dnrhtkhoyndwunu1mznnaljsvg&client=xe6xmebv2xyutvtgnhhbwvru533mjrlv&protocol=oauth2&audience=https%3a%2f%2fkyro-user-service-mgmqxruica-uc.a.run.app%2f&redirect_uri=https%3a%2f%2fstage.kyro.ai&scope=openid%20profile%20email%20offline_access&response_type=code&response_mode=query&nonce=qmfeaklpbu9iyu5xyjnxbxrrzhphdhnuv2rleejuaf9qauxkstjgbdfgqq%3d%3d&code_challenge=si8xarixuets4pbvhelt3xvo4jgu5yxor5hkapvctg4&code_challenge_method=s256&auth0client=eyjuyw1lijoiyxv0adatcmvhy3qilcj2zxjzaw9uijoims4xmi4xin0%3d</div>]]>
    </line>
    <line>
      <![CDATA[<div class="test-message">&emsp;Element is displayed:: [[ChromeDriver: chrome on WINDOWS (65f68ddd658b6033a43677d164ff8896)] -> name: email]</div>]]>
    </line>
    <line>
      <![CDATA[<div class="test-message">&emsp;Element is displayed:: [[ChromeDriver: chrome on WINDOWS (65f68ddd658b6033a43677d164ff8896)] -> name: email]</div>]]>
    </line>
    <line>
      <![CDATA[<div class="test-message">&emsp;Element is displayed:: [[ChromeDriver: chrome on WINDOWS (65f68ddd658b6033a43677d164ff8896)] -> name: password]</div>]]>
    </line>
    <line>
      <![CDATA[<div class="test-message">&emsp;Element is displayed:: [[ChromeDriver: chrome on WINDOWS (65f68ddd658b6033a43677d164ff8896)] -> name: password]</div>]]>
    </line>
    <line>
      <![CDATA[<div class="test-message">&emsp;Page URL:: https://kyro-stage.us.auth0.com/login?state=hkfo2sbycdvxcm1trxf2rllxoezsujmtutloegvpu2q1thnkc6fupwxvz2luo3rpznkgefgwtejnmuncuklpukhszi1yutzxrmlkbfbtnlrjwfkjy2lk2sb4rtz4twvivjj4evv0dnrhtkhoyndwunu1mznnaljsvg&client=xe6xmebv2xyutvtgnhhbwvru533mjrlv&protocol=oauth2&audience=https%3a%2f%2fkyro-user-service-mgmqxruica-uc.a.run.app%2f&redirect_uri=https%3a%2f%2fstage.kyro.ai&scope=openid%20profile%20email%20offline_access&response_type=code&response_mode=query&nonce=qmfeaklpbu9iyu5xyjnxbxrrzhphdhnuv2rleejuaf9qauxkstjgbdfgqq%3d%3d&code_challenge=si8xarixuets4pbvhelt3xvo4jgu5yxor5hkapvctg4&code_challenge_method=s256&auth0client=eyjuyw1lijoiyxv0adatcmvhy3qilcj2zxjzaw9uijoims4xmi4xin0%3d</div>]]>
    </line>
    <line>
      <![CDATA[<div class="test-message">&emsp;Element is displayed:: [[ChromeDriver: chrome on WINDOWS (65f68ddd658b6033a43677d164ff8896)] -> name: submit]</div>]]>
    </line>
    <line>
      <![CDATA[<div class="test-message">&emsp;Element is displayed:: [[ChromeDriver: chrome on WINDOWS (65f68ddd658b6033a43677d164ff8896)] -> name: submit]</div>]]>
    </line>
    <line>
      <![CDATA[<div class="test-message">&emsp;Page URL:: https://kyro-stage.us.auth0.com/login?state=hkfo2sbycdvxcm1trxf2rllxoezsujmtutloegvpu2q1thnkc6fupwxvz2luo3rpznkgefgwtejnmuncuklpukhszi1yutzxrmlkbfbtnlrjwfkjy2lk2sb4rtz4twvivjj4evv0dnrhtkhoyndwunu1mznnaljsvg&client=xe6xmebv2xyutvtgnhhbwvru533mjrlv&protocol=oauth2&audience=https%3a%2f%2fkyro-user-service-mgmqxruica-uc.a.run.app%2f&redirect_uri=https%3a%2f%2fstage.kyro.ai&scope=openid%20profile%20email%20offline_access&response_type=code&response_mode=query&nonce=qmfeaklpbu9iyu5xyjnxbxrrzhphdhnuv2rleejuaf9qauxkstjgbdfgqq%3d%3d&code_challenge=si8xarixuets4pbvhelt3xvo4jgu5yxor5hkapvctg4&code_challenge_method=s256&auth0client=eyjuyw1lijoiyxv0adatcmvhy3qilcj2zxjzaw9uijoims4xmi4xin0%3d</div>]]>
    </line>
    <line>
      <![CDATA[<div class="test-message">&emsp;Page URL:: https://stage.kyro.ai/</div>]]>
    </line>
    <line>
      <![CDATA[<div class="test-message">&emsp;Element is displayed:: [[ChromeDriver: chrome on WINDOWS (65f68ddd658b6033a43677d164ff8896)] -> xpath: //h2[contains(text(),'Welcome')]]</div>]]>
    </line>
    <line>
      <![CDATA[<div class="test-event"> <font color="maroon"> <small> &emsp; &emsp;--- 06 Aug 22:55:23 971 - --Header Loaded Successfully.</small> </font> </div>]]>
    </line>
    <line>
      <![CDATA[<div class="test-message">&emsp;Page URL:: https://stage.kyro.ai/</div>]]>
    </line>
    <line>
      <![CDATA[<div class="test-message">&emsp;Element is displayed:: [[ChromeDriver: chrome on WINDOWS (65f68ddd658b6033a43677d164ff8896)] -> xpath: //h2[contains(text(),'Welcome')]]</div>]]>
    </line>
    <line>
      <![CDATA[<div class="test-event"> <font color="maroon"> <small> &emsp; &emsp;--- 06 Aug 22:55:24 180 - --HomePage Loaded Successfully.</small> </font> </div>]]>
    </line>
    <line>
      <![CDATA[<div class="test-message">&emsp;Page URL:: https://stage.kyro.ai/</div>]]>
    </line>
    <line>
      <![CDATA[<div class="test-message">&emsp;Page URL:: https://stage.kyro.ai/</div>]]>
    </line>
    <line>
      <![CDATA[<div class="test-message">&emsp;Element is displayed:: [[ChromeDriver: chrome on WINDOWS (65f68ddd658b6033a43677d164ff8896)] -> xpath: //h2[contains(text(),'Welcome')]]</div>]]>
    </line>
    <line>
      <![CDATA[<div class="test-event"> <font color="maroon"> <small> &emsp; &emsp;--- 06 Aug 22:55:30 437 - --Header Loaded Successfully.</small> </font> </div>]]>
    </line>
    <line>
      <![CDATA[<div class="test-message">&emsp;Page URL:: https://stage.kyro.ai/</div>]]>
    </line>
    <line>
      <![CDATA[<div class="test-message">&emsp;Element is displayed:: [[ChromeDriver: chrome on WINDOWS (65f68ddd658b6033a43677d164ff8896)] -> xpath: //h2[contains(text(),'Welcome')]]</div>]]>
    </line>
    <line>
      <![CDATA[<div class="test-event"> <font color="maroon"> <small> &emsp; &emsp;--- 06 Aug 22:55:30 673 - --HomePage Loaded Successfully.</small> </font> </div>]]>
    </line>
    <line>
      <![CDATA[<div class="test-message">&emsp;2. Successfully logged in the application with project manager credentials&emsp;<a href=".\ScreenShot\NotificationTest_01_2.png" target="_blank" >[ScreenShot]</a></div>]]>
    </line>
    <line>
      <![CDATA[<div class="test-message">&emsp;Page URL:: https://stage.kyro.ai/</div>]]>
    </line>
    <line>
      <![CDATA[<div class="test-message">&emsp;Element is displayed:: [[ChromeDriver: chrome on WINDOWS (65f68ddd658b6033a43677d164ff8896)] -> xpath: //header/div/div/div[2]//button]</div>]]>
    </line>
    <line>
      <![CDATA[<div class="test-message">&emsp;Element is displayed:: [[ChromeDriver: chrome on WINDOWS (65f68ddd658b6033a43677d164ff8896)] -> xpath: //header/div/div/div[2]//button]</div>]]>
    </line>
    <line>
      <![CDATA[<div class="test-message">&emsp;3. Clicke on Create Project button&emsp;<a href=".\ScreenShot\NotificationTest_01_3.png" target="_blank" >[ScreenShot]</a></div>]]>
    </line>
    <line>
      <![CDATA[<div class="test-message">&emsp;Element is displayed:: [[ChromeDriver: chrome on WINDOWS (65f68ddd658b6033a43677d164ff8896)] -> xpath: //label/span[contains(text(),'Mark as Public')]]</div>]]>
    </line>
    <line>
      <![CDATA[<div class="test-message">&emsp;Element is displayed:: [[ChromeDriver: chrome on WINDOWS (65f68ddd658b6033a43677d164ff8896)] -> xpath: //label/span[contains(text(),'Mark as Public')]]</div>]]>
    </line>
    <line>
      <![CDATA[<div class="test-message">&emsp;4. Clicke on Mark as public checkbox&emsp;<a href=".\ScreenShot\NotificationTest_01_4.png" target="_blank" >[ScreenShot]</a></div>]]>
    </line>
    <line>
      <![CDATA[<div class="test-message">&emsp;Element is displayed:: [[ChromeDriver: chrome on WINDOWS (65f68ddd658b6033a43677d164ff8896)] -> xpath: //button[contains(text(),'Next')]]</div>]]>
    </line>
    <line>
      <![CDATA[<div class="test-message">&emsp;Element is displayed:: [[ChromeDriver: chrome on WINDOWS (65f68ddd658b6033a43677d164ff8896)] -> xpath: //button[contains(text(),'Next')]]</div>]]>
    </line>
    <line>
      <![CDATA[<div class="test-message">&emsp;5. Clicke on Next button&emsp;<a href=".\ScreenShot\NotificationTest_01_5.png" target="_blank" >[ScreenShot]</a></div>]]>
    </line>
    <line>
      <![CDATA[<div class="test-message">&emsp;Element is displayed:: [[ChromeDriver: chrome on WINDOWS (65f68ddd658b6033a43677d164ff8896)] -> name: project_name]</div>]]>
    </line>
    <line>
      <![CDATA[<div class="test-message">&emsp;Element is displayed:: [[ChromeDriver: chrome on WINDOWS (65f68ddd658b6033a43677d164ff8896)] -> name: project_name]</div>]]>
    </line>
    <line>
      <![CDATA[<div class="test-message">&emsp;6. Entered project name&emsp;<a href=".\ScreenShot\NotificationTest_01_6.png" target="_blank" >[ScreenShot]</a></div>]]>
    </line>
    <line>
      <![CDATA[<div class="test-message">&emsp;Element is displayed:: [[ChromeDriver: chrome on WINDOWS (65f68ddd658b6033a43677d164ff8896)] -> id: project-manager]</div>]]>
    </line>
    <line>
      <![CDATA[<div class="test-message">&emsp;Element is displayed:: [[ChromeDriver: chrome on WINDOWS (65f68ddd658b6033a43677d164ff8896)] -> id: project-manager]</div>]]>
    </line>
    <line>
      <![CDATA[<div class="test-message">&emsp;7. Selected project manager&emsp;<a href=".\ScreenShot\NotificationTest_01_7.png" target="_blank" >[ScreenShot]</a></div>]]>
    </line>
    <line>
      <![CDATA[<div class="test-message">&emsp;Element is displayed:: [[ChromeDriver: chrome on WINDOWS (65f68ddd658b6033a43677d164ff8896)] -> name: project_number]</div>]]>
    </line>
    <line>
      <![CDATA[<div class="test-message">&emsp;Element is displayed:: [[ChromeDriver: chrome on WINDOWS (65f68ddd658b6033a43677d164ff8896)] -> name: project_number]</div>]]>
    </line>
    <line>
      <![CDATA[<div class="test-message">&emsp;8. Entered billing code&emsp;<a href=".\ScreenShot\NotificationTest_01_8.png" target="_blank" >[ScreenShot]</a></div>]]>
    </line>
    <line>
      <![CDATA[<div class="test-message">&emsp;Element is displayed:: [[ChromeDriver: chrome on WINDOWS (65f68ddd658b6033a43677d164ff8896)] -> xpath: //textarea[@name='description']]</div>]]>
    </line>
    <line>
      <![CDATA[<div class="test-message">&emsp;Element is displayed:: [[ChromeDriver: chrome on WINDOWS (65f68ddd658b6033a43677d164ff8896)] -> xpath: //textarea[@name='description']]</div>]]>
    </line>
    <line>
      <![CDATA[<div class="test-message">&emsp;9. Entered description&emsp;<a href=".\ScreenShot\NotificationTest_01_9.png" target="_blank" >[ScreenShot]</a></div>]]>
    </line>
    <line>
      <![CDATA[<div class="test-message">&emsp;Element is displayed:: [[ChromeDriver: chrome on WINDOWS (65f68ddd658b6033a43677d164ff8896)] -> xpath: //button[contains(text(),'Submit')]]</div>]]>
    </line>
    <line>
      <![CDATA[<div class="test-message">&emsp;Element is displayed:: [[ChromeDriver: chrome on WINDOWS (65f68ddd658b6033a43677d164ff8896)] -> xpath: //button[contains(text(),'Submit')]]</div>]]>
    </line>
    <line>
      <![CDATA[<div class="test-message">&emsp;Page URL:: https://stage.kyro.ai/</div>]]>
    </line>
    <line>
      <![CDATA[<div class="test-message">&emsp;Element is displayed:: [[ChromeDriver: chrome on WINDOWS (65f68ddd658b6033a43677d164ff8896)] -> xpath: //main/div/div/div/div[2]/div[1]/div]</div>]]>
    </line>
    <line>
      <![CDATA[<div class="test-event"> <font color="maroon"> <small> &emsp; &emsp;--- 06 Aug 22:55:48 916 - --ProjectDetailsPage Loaded Successfully.</small> </font> </div>]]>
    </line>
    <line>
      <![CDATA[<div class="test-message">&emsp;10. Clicke on Submit button&emsp;<a href=".\ScreenShot\NotificationTest_01_10.png" target="_blank" >[ScreenShot]</a></div>]]>
    </line>
    <line>
      <![CDATA[<div class="test-message">&emsp;Element is displayed:: [[ChromeDriver: chrome on WINDOWS (65f68ddd658b6033a43677d164ff8896)] -> xpath: //main//h3]</div>]]>
    </line>
    <line>
      <![CDATA[<div class="test-message">&emsp;11. Project created and assigned successfully&emsp;<a href=".\ScreenShot\NotificationTest_01_11.png" target="_blank" >[ScreenShot]</a></div>]]>
    </line>
    <line>
      <![CDATA[<div class="test-message">&emsp;Element is displayed:: [[ChromeDriver: chrome on WINDOWS (65f68ddd658b6033a43677d164ff8896)] -> xpath: //main/div/div/div/div[2]/div[1]/div/div[1]//input]</div>]]>
    </line>
    <line>
      <![CDATA[<div class="test-message">&emsp;12. Project manager name is displayed as expected&emsp;<a href=".\ScreenShot\NotificationTest_01_12.png" target="_blank" >[ScreenShot]</a></div>]]>
    </line>
    <line>
      <![CDATA[<div class="test-message">&emsp;Element is displayed:: [[ChromeDriver: chrome on WINDOWS (65f68ddd658b6033a43677d164ff8896)] -> xpath: //main/div/div/div/div[2]/div[1]/div/div[2]//input]</div>]]>
    </line>
    <line>
      <![CDATA[<div class="test-message">&emsp;13. Billing code is displayed as expected&emsp;<a href=".\ScreenShot\NotificationTest_01_13.png" target="_blank" >[ScreenShot]</a></div>]]>
    </line>
    <line>
      <![CDATA[<div class="test-message">&emsp;Unable to find a element after 0 sec ==> [[ChromeDriver: chrome on WINDOWS (65f68ddd658b6033a43677d164ff8896)] -> xpath: //main/div/div/div/div[2]/div[1]/div/div[3]//input]</div>]]>
    </line>
    <line>
      <![CDATA[<div class="test-message">&emsp;14. Project status is displayed as expected&emsp;<a href=".\ScreenShot\NotificationTest_01_14.png" target="_blank" >[ScreenShot]</a></div>]]>
    </line>
    <line>
      <![CDATA[<div class="test-message">&emsp;Page URL:: https://stage.kyro.ai/projects/64d087658ded156b7c80fb30</div>]]>
    </line>
    <line>
      <![CDATA[<div class="test-message">&emsp;Element is displayed:: [[ChromeDriver: chrome on WINDOWS (65f68ddd658b6033a43677d164ff8896)] -> xpath: //header/div/div/div[2]/div/div[2]/div[2]/span[2]/div]</div>]]>
    </line>
    <line>
      <![CDATA[<div class="test-message">&emsp;Element is displayed:: [[ChromeDriver: chrome on WINDOWS (65f68ddd658b6033a43677d164ff8896)] -> xpath: //header/div/div/div[2]/div/div[2]/div[2]/span[2]/div]</div>]]>
    </line>
    <line>
      <![CDATA[<div class="test-message">&emsp;Element is displayed:: [[ChromeDriver: chrome on WINDOWS (65f68ddd658b6033a43677d164ff8896)] -> xpath: //div[contains(text(),'Logout')]]</div>]]>
    </line>
    <line>
      <![CDATA[<div class="test-message">&emsp;Element is displayed:: [[ChromeDriver: chrome on WINDOWS (65f68ddd658b6033a43677d164ff8896)] -> xpath: //div[contains(text(),'Logout')]]</div>]]>
    </line>
    <line>
      <![CDATA[<div class="test-message">&emsp;Page URL:: https://kyro-stage.us.auth0.com/login?state=hkfo2sbovzzys2xut2xpzu5tb3phcnq2zufic25lwgjsa1cxr6fupwxvz2luo3rpznkgshdwv1kzogtjsmjoymhnm010q0dxy3hjr2lmcfhkwvajy2lk2sb4rtz4twvivjj4evv0dnrhtkhoyndwunu1mznnaljsvg&client=xe6xmebv2xyutvtgnhhbwvru533mjrlv&protocol=oauth2&audience=https%3a%2f%2fkyro-user-service-mgmqxruica-uc.a.run.app%2f&redirect_uri=https%3a%2f%2fstage.kyro.ai&scope=openid%20profile%20email%20offline_access&response_type=code&response_mode=query&nonce=wnz3dxzime8yrxbbvedisen5u2tkzwjldxnyqvhkvna2uxnnt3bstufxqg%3d%3d&code_challenge=i4zzgxxi5z1ir8ryt3lihe6m20yedlhzvb4vzt6fhhm&code_challenge_method=s256&auth0client=eyjuyw1lijoiyxv0adatcmvhy3qilcj2zxjzaw9uijoims4xmi4xin0%3d</div>]]>
    </line>
    <line>
      <![CDATA[<div class="test-message">&emsp;Element is displayed:: [[ChromeDriver: chrome on WINDOWS (65f68ddd658b6033a43677d164ff8896)] -> name: email]</div>]]>
    </line>
    <line>
      <![CDATA[<div class="test-event"> <font color="maroon"> <small> &emsp; &emsp;--- 06 Aug 22:56:12 716 - SigninPage Loaded Successfully.</small> </font> </div>]]>
    </line>
    <line>
      <![CDATA[<div class="test-message">&emsp;15. Successfully logged out the application&emsp;<a href=".\ScreenShot\NotificationTest_01_15.png" target="_blank" >[ScreenShot]</a></div>]]>
    </line>
    <line>
      <![CDATA[<div class="test-message">&emsp;Page URL:: https://kyro-stage.us.auth0.com/login?state=hkfo2sbovzzys2xut2xpzu5tb3phcnq2zufic25lwgjsa1cxr6fupwxvz2luo3rpznkgshdwv1kzogtjsmjoymhnm010q0dxy3hjr2lmcfhkwvajy2lk2sb4rtz4twvivjj4evv0dnrhtkhoyndwunu1mznnaljsvg&client=xe6xmebv2xyutvtgnhhbwvru533mjrlv&protocol=oauth2&audience=https%3a%2f%2fkyro-user-service-mgmqxruica-uc.a.run.app%2f&redirect_uri=https%3a%2f%2fstage.kyro.ai&scope=openid%20profile%20email%20offline_access&response_type=code&response_mode=query&nonce=wnz3dxzime8yrxbbvedisen5u2tkzwjldxnyqvhkvna2uxnnt3bstufxqg%3d%3d&code_challenge=i4zzgxxi5z1ir8ryt3lihe6m20yedlhzvb4vzt6fhhm&code_challenge_method=s256&auth0client=eyjuyw1lijoiyxv0adatcmvhy3qilcj2zxjzaw9uijoims4xmi4xin0%3d</div>]]>
    </line>
    <line>
      <![CDATA[<div class="test-message">&emsp;Page URL:: https://kyro-stage.us.auth0.com/login?state=hkfo2sbovzzys2xut2xpzu5tb3phcnq2zufic25lwgjsa1cxr6fupwxvz2luo3rpznkgshdwv1kzogtjsmjoymhnm010q0dxy3hjr2lmcfhkwvajy2lk2sb4rtz4twvivjj4evv0dnrhtkhoyndwunu1mznnaljsvg&client=xe6xmebv2xyutvtgnhhbwvru533mjrlv&protocol=oauth2&audience=https%3a%2f%2fkyro-user-service-mgmqxruica-uc.a.run.app%2f&redirect_uri=https%3a%2f%2fstage.kyro.ai&scope=openid%20profile%20email%20offline_access&response_type=code&response_mode=query&nonce=wnz3dxzime8yrxbbvedisen5u2tkzwjldxnyqvhkvna2uxnnt3bstufxqg%3d%3d&code_challenge=i4zzgxxi5z1ir8ryt3lihe6m20yedlhzvb4vzt6fhhm&code_challenge_method=s256&auth0client=eyjuyw1lijoiyxv0adatcmvhy3qilcj2zxjzaw9uijoims4xmi4xin0%3d</div>]]>
    </line>
    <line>
      <![CDATA[<div class="test-message">&emsp;Element is displayed:: [[ChromeDriver: chrome on WINDOWS (65f68ddd658b6033a43677d164ff8896)] -> name: email]</div>]]>
    </line>
    <line>
      <![CDATA[<div class="test-message">&emsp;Element is displayed:: [[ChromeDriver: chrome on WINDOWS (65f68ddd658b6033a43677d164ff8896)] -> name: email]</div>]]>
    </line>
    <line>
      <![CDATA[<div class="test-message">&emsp;Element is displayed:: [[ChromeDriver: chrome on WINDOWS (65f68ddd658b6033a43677d164ff8896)] -> name: password]</div>]]>
    </line>
    <line>
      <![CDATA[<div class="test-message">&emsp;Element is displayed:: [[ChromeDriver: chrome on WINDOWS (65f68ddd658b6033a43677d164ff8896)] -> name: password]</div>]]>
    </line>
    <line>
      <![CDATA[<div class="test-message">&emsp;Page URL:: https://kyro-stage.us.auth0.com/login?state=hkfo2sbovzzys2xut2xpzu5tb3phcnq2zufic25lwgjsa1cxr6fupwxvz2luo3rpznkgshdwv1kzogtjsmjoymhnm010q0dxy3hjr2lmcfhkwvajy2lk2sb4rtz4twvivjj4evv0dnrhtkhoyndwunu1mznnaljsvg&client=xe6xmebv2xyutvtgnhhbwvru533mjrlv&protocol=oauth2&audience=https%3a%2f%2fkyro-user-service-mgmqxruica-uc.a.run.app%2f&redirect_uri=https%3a%2f%2fstage.kyro.ai&scope=openid%20profile%20email%20offline_access&response_type=code&response_mode=query&nonce=wnz3dxzime8yrxbbvedisen5u2tkzwjldxnyqvhkvna2uxnnt3bstufxqg%3d%3d&code_challenge=i4zzgxxi5z1ir8ryt3lihe6m20yedlhzvb4vzt6fhhm&code_challenge_method=s256&auth0client=eyjuyw1lijoiyxv0adatcmvhy3qilcj2zxjzaw9uijoims4xmi4xin0%3d</div>]]>
    </line>
    <line>
      <![CDATA[<div class="test-message">&emsp;Element is displayed:: [[ChromeDriver: chrome on WINDOWS (65f68ddd658b6033a43677d164ff8896)] -> name: submit]</div>]]>
    </line>
    <line>
      <![CDATA[<div class="test-message">&emsp;Element is displayed:: [[ChromeDriver: chrome on WINDOWS (65f68ddd658b6033a43677d164ff8896)] -> name: submit]</div>]]>
    </line>
    <line>
      <![CDATA[<div class="test-message">&emsp;Page URL:: https://kyro-stage.us.auth0.com/login?state=hkfo2sbovzzys2xut2xpzu5tb3phcnq2zufic25lwgjsa1cxr6fupwxvz2luo3rpznkgshdwv1kzogtjsmjoymhnm010q0dxy3hjr2lmcfhkwvajy2lk2sb4rtz4twvivjj4evv0dnrhtkhoyndwunu1mznnaljsvg&client=xe6xmebv2xyutvtgnhhbwvru533mjrlv&protocol=oauth2&audience=https%3a%2f%2fkyro-user-service-mgmqxruica-uc.a.run.app%2f&redirect_uri=https%3a%2f%2fstage.kyro.ai&scope=openid%20profile%20email%20offline_access&response_type=code&response_mode=query&nonce=wnz3dxzime8yrxbbvedisen5u2tkzwjldxnyqvhkvna2uxnnt3bstufxqg%3d%3d&code_challenge=i4zzgxxi5z1ir8ryt3lihe6m20yedlhzvb4vzt6fhhm&code_challenge_method=s256&auth0client=eyjuyw1lijoiyxv0adatcmvhy3qilcj2zxjzaw9uijoims4xmi4xin0%3d</div>]]>
    </line>
    <line>
      <![CDATA[<div class="test-message">&emsp;Page URL:: https://stage.kyro.ai/</div>]]>
    </line>
    <line>
      <![CDATA[<div class="test-message">&emsp;Element is displayed:: [[ChromeDriver: chrome on WINDOWS (65f68ddd658b6033a43677d164ff8896)] -> xpath: //h2[contains(text(),'Welcome')]]</div>]]>
    </line>
    <line>
      <![CDATA[<div class="test-event"> <font color="maroon"> <small> &emsp; &emsp;--- 06 Aug 22:56:21 997 - --Header Loaded Successfully.</small> </font> </div>]]>
    </line>
    <line>
      <![CDATA[<div class="test-message">&emsp;Page URL:: https://stage.kyro.ai/</div>]]>
    </line>
    <line>
      <![CDATA[<div class="test-message">&emsp;Element is displayed:: [[ChromeDriver: chrome on WINDOWS (65f68ddd658b6033a43677d164ff8896)] -> xpath: //h2[contains(text(),'Welcome')]]</div>]]>
    </line>
    <line>
      <![CDATA[<div class="test-event"> <font color="maroon"> <small> &emsp; &emsp;--- 06 Aug 22:56:22 619 - --HomePage Loaded Successfully.</small> </font> </div>]]>
    </line>
    <line>
      <![CDATA[<div class="test-message">&emsp;Page URL:: https://stage.kyro.ai/</div>]]>
    </line>
    <line>
      <![CDATA[<div class="test-message">&emsp;Page URL:: https://stage.kyro.ai/</div>]]>
    </line>
    <line>
      <![CDATA[<div class="test-message">&emsp;Element is displayed:: [[ChromeDriver: chrome on WINDOWS (65f68ddd658b6033a43677d164ff8896)] -> xpath: //h2[contains(text(),'Welcome')]]</div>]]>
    </line>
    <line>
      <![CDATA[<div class="test-event"> <font color="maroon"> <small> &emsp; &emsp;--- 06 Aug 22:56:28 882 - --Header Loaded Successfully.</small> </font> </div>]]>
    </line>
    <line>
      <![CDATA[<div class="test-message">&emsp;Page URL:: https://stage.kyro.ai/</div>]]>
    </line>
    <line>
      <![CDATA[<div class="test-message">&emsp;Element is displayed:: [[ChromeDriver: chrome on WINDOWS (65f68ddd658b6033a43677d164ff8896)] -> xpath: //h2[contains(text(),'Welcome')]]</div>]]>
    </line>
    <line>
      <![CDATA[<div class="test-event"> <font color="maroon"> <small> &emsp; &emsp;--- 06 Aug 22:56:29 085 - --HomePage Loaded Successfully.</small> </font> </div>]]>
    </line>
    <line>
      <![CDATA[<div class="test-message">&emsp;16. Successfully logged in the application with invited user's credentials&emsp;<a href=".\ScreenShot\NotificationTest_01_16.png" target="_blank" >[ScreenShot]</a></div>]]>
    </line>
    <line>
      <![CDATA[<div class="test-message">&emsp;Page URL:: https://stage.kyro.ai/</div>]]>
    </line>
    <line>
      <![CDATA[<div class="test-message">&emsp;Element is displayed:: [[ChromeDriver: chrome on WINDOWS (65f68ddd658b6033a43677d164ff8896)] -> xpath: //header/div/div/div[2]/div/div[2]/div[2]/span[1]/span]</div>]]>
    </line>
    <line>
      <![CDATA[<div class="test-message">&emsp;17. Notification count is greater than 0&emsp;<a href=".\ScreenShot\NotificationTest_01_17.png" target="_blank" >[ScreenShot]</a></div>]]>
    </line>
    <line>
      <![CDATA[<div class="test-message">&emsp;Page URL:: https://stage.kyro.ai/</div>]]>
    </line>
    <line>
      <![CDATA[<div class="test-message">&emsp;Element is displayed:: [[ChromeDriver: chrome on WINDOWS (65f68ddd658b6033a43677d164ff8896)] -> xpath: //header/div/div/div[2]/div/div[2]/div[2]/span[1]/span]</div>]]>
    </line>
    <line>
      <![CDATA[<div class="test-message">&emsp;Element is displayed:: [[ChromeDriver: chrome on WINDOWS (65f68ddd658b6033a43677d164ff8896)] -> xpath: //header/div/div/div[2]/div/div[2]/div[2]/span[1]/span]</div>]]>
    </line>
    <line>
      <![CDATA[<div class="test-message">&emsp;Element is displayed:: [[ChromeDriver: chrome on WINDOWS (65f68ddd658b6033a43677d164ff8896)] -> xpath: //div[@data-test-id='notification-content']/../div[contains(text(),'QAE_Test_Project_lhTIZ')]]</div>]]>
    </line>
    <line>
      <![CDATA[<div class="test-message">&emsp;Element is displayed:: [[ChromeDriver: chrome on WINDOWS (65f68ddd658b6033a43677d164ff8896)] -> xpath: //header/div/div/div[2]/div/div[2]/div[2]/span[1]/span]</div>]]>
    </line>
    <line>
      <![CDATA[<div class="test-message">&emsp;Page URL:: https://stage.kyro.ai/projects/64d087658ded156b7c80fb30</div>]]>
    </line>
    <line>
      <![CDATA[<div class="test-message">&emsp;Element is displayed:: [[ChromeDriver: chrome on WINDOWS (65f68ddd658b6033a43677d164ff8896)] -> xpath: //main/div/div/div/div[2]/div[1]/div]</div>]]>
    </line>
    <line>
      <![CDATA[<div class="test-event"> <font color="maroon"> <small> &emsp; &emsp;--- 06 Aug 22:56:39 207 - --ProjectDetailsPage Loaded Successfully.</small> </font> </div>]]>
    </line>
    <line>
      <![CDATA[<div class="test-message">&emsp;18. Clicked the notification and successfully redirected to the project details page&emsp;<a href=".\ScreenShot\NotificationTest_01_18.png" target="_blank" >[ScreenShot]</a></div>]]>
    </line>
    <line>
      <![CDATA[<div class="test-message">&emsp;Element is displayed:: [[ChromeDriver: chrome on WINDOWS (65f68ddd658b6033a43677d164ff8896)] -> xpath: //main//h3]</div>]]>
    </line>
    <line>
      <![CDATA[<div class="test-message">&emsp;19. Project name is displayed as expected in the project details page&emsp;<a href=".\ScreenShot\NotificationTest_01_19.png" target="_blank" >[ScreenShot]</a></div>]]>
    </line>
    <line>
      <![CDATA[<div class="test-message">&emsp;Element is displayed:: [[ChromeDriver: chrome on WINDOWS (65f68ddd658b6033a43677d164ff8896)] -> xpath: //main/div/div/div/div[2]/div[1]/div/div[1]//input]</div>]]>
    </line>
    <line>
      <![CDATA[<div class="test-message">&emsp;20. Project manager name is displayed as expected in the project details page&emsp;<a href=".\ScreenShot\NotificationTest_01_20.png" target="_blank" >[ScreenShot]</a></div>]]>
    </line>
    <line>
      <![CDATA[<div class="test-message">&emsp;Element is displayed:: [[ChromeDriver: chrome on WINDOWS (65f68ddd658b6033a43677d164ff8896)] -> xpath: //main/div/div/div/div[2]/div[1]/div/div[2]//input]</div>]]>
    </line>
    <line>
      <![CDATA[<div class="test-message">&emsp;21. Billing code is displayed as expected in the project details page&emsp;<a href=".\ScreenShot\NotificationTest_01_21.png" target="_blank" >[ScreenShot]</a></div>]]>
    </line>
    <line>
      <![CDATA[<div class="test-message">&emsp;Unable to find a element after 0 sec ==> [[ChromeDriver: chrome on WINDOWS (65f68ddd658b6033a43677d164ff8896)] -> xpath: //main/div/div/div/div[2]/div[1]/div/div[3]//input]</div>]]>
    </line>
    <line>
      <![CDATA[<div class="test-message">&emsp;22. Project status is displayed as expected in the project details page&emsp;<a href=".\ScreenShot\NotificationTest_01_22.png" target="_blank" >[ScreenShot]</a></div>]]>
    </line>
    <line>
      <![CDATA[<div class="test-message">&emsp;Page URL:: https://kyro-stage.us.auth0.com/login?state=hkfo2sbbntfxu2rvm2nxtnr1ynv0vhzivnnczxbasjnvaep4yqfupwxvz2luo3rpznkgr1j2mnr2chhxxzfsaelrqmdhvddtejaxlum0n2jpd3wjy2lk2sb4rtz4twvivjj4evv0dnrhtkhoyndwunu1mznnaljsvg&client=xe6xmebv2xyutvtgnhhbwvru533mjrlv&protocol=oauth2&audience=https%3a%2f%2fkyro-user-service-mgmqxruica-uc.a.run.app%2f&redirect_uri=https%3a%2f%2fstage.kyro.ai&scope=openid%20profile%20email%20offline_access&response_type=code&response_mode=query&nonce=tmvxenk4othoc3zyzujou1pvwjzkagq5zffly2h6rhywq1pazlraqnnmaw%3d%3d&code_challenge=gbl4_pgkdl2wpfngb8pqcyepkzb0wyzckedigrddrlc&code_challenge_method=s256&auth0client=eyjuyw1lijoiyxv0adatcmvhy3qilcj2zxjzaw9uijoims4xmi4xin0%3d</div>]]>
    </line>
    <line>
      <![CDATA[<div class="test-message">&emsp;Element is displayed:: [[ChromeDriver: chrome on WINDOWS (ac570ae9d173edb0dc1b1b8096f3d627)] -> name: email]</div>]]>
    </line>
    <line>
      <![CDATA[<div class="test-event"> <font color="maroon"> <small> &emsp; &emsp;--- 06 Aug 22:57:07 213 - SigninPage Loaded Successfully.</small> </font> </div>]]>
    </line>
    <line>
      <![CDATA[<div class="test-message">&emsp;1. Successfully launched kyro website&emsp;<a href=".\ScreenShot\NotificationTest_02_23.png" target="_blank" >[ScreenShot]</a></div>]]>
    </line>
    <line>
      <![CDATA[<div class="test-message">&emsp;Page URL:: https://kyro-stage.us.auth0.com/login?state=hkfo2sbbntfxu2rvm2nxtnr1ynv0vhzivnnczxbasjnvaep4yqfupwxvz2luo3rpznkgr1j2mnr2chhxxzfsaelrqmdhvddtejaxlum0n2jpd3wjy2lk2sb4rtz4twvivjj4evv0dnrhtkhoyndwunu1mznnaljsvg&client=xe6xmebv2xyutvtgnhhbwvru533mjrlv&protocol=oauth2&audience=https%3a%2f%2fkyro-user-service-mgmqxruica-uc.a.run.app%2f&redirect_uri=https%3a%2f%2fstage.kyro.ai&scope=openid%20profile%20email%20offline_access&response_type=code&response_mode=query&nonce=tmvxenk4othoc3zyzujou1pvwjzkagq5zffly2h6rhywq1pazlraqnnmaw%3d%3d&code_challenge=gbl4_pgkdl2wpfngb8pqcyepkzb0wyzckedigrddrlc&code_challenge_method=s256&auth0client=eyjuyw1lijoiyxv0adatcmvhy3qilcj2zxjzaw9uijoims4xmi4xin0%3d</div>]]>
    </line>
    <line>
      <![CDATA[<div class="test-message">&emsp;Page URL:: https://kyro-stage.us.auth0.com/login?state=hkfo2sbbntfxu2rvm2nxtnr1ynv0vhzivnnczxbasjnvaep4yqfupwxvz2luo3rpznkgr1j2mnr2chhxxzfsaelrqmdhvddtejaxlum0n2jpd3wjy2lk2sb4rtz4twvivjj4evv0dnrhtkhoyndwunu1mznnaljsvg&client=xe6xmebv2xyutvtgnhhbwvru533mjrlv&protocol=oauth2&audience=https%3a%2f%2fkyro-user-service-mgmqxruica-uc.a.run.app%2f&redirect_uri=https%3a%2f%2fstage.kyro.ai&scope=openid%20profile%20email%20offline_access&response_type=code&response_mode=query&nonce=tmvxenk4othoc3zyzujou1pvwjzkagq5zffly2h6rhywq1pazlraqnnmaw%3d%3d&code_challenge=gbl4_pgkdl2wpfngb8pqcyepkzb0wyzckedigrddrlc&code_challenge_method=s256&auth0client=eyjuyw1lijoiyxv0adatcmvhy3qilcj2zxjzaw9uijoims4xmi4xin0%3d</div>]]>
    </line>
    <line>
      <![CDATA[<div class="test-message">&emsp;Element is displayed:: [[ChromeDriver: chrome on WINDOWS (ac570ae9d173edb0dc1b1b8096f3d627)] -> name: email]</div>]]>
    </line>
    <line>
      <![CDATA[<div class="test-message">&emsp;Element is displayed:: [[ChromeDriver: chrome on WINDOWS (ac570ae9d173edb0dc1b1b8096f3d627)] -> name: email]</div>]]>
    </line>
    <line>
      <![CDATA[<div class="test-message">&emsp;Element is displayed:: [[ChromeDriver: chrome on WINDOWS (ac570ae9d173edb0dc1b1b8096f3d627)] -> name: password]</div>]]>
    </line>
    <line>
      <![CDATA[<div class="test-message">&emsp;Element is displayed:: [[ChromeDriver: chrome on WINDOWS (ac570ae9d173edb0dc1b1b8096f3d627)] -> name: password]</div>]]>
    </line>
    <line>
      <![CDATA[<div class="test-message">&emsp;Page URL:: https://kyro-stage.us.auth0.com/login?state=hkfo2sbbntfxu2rvm2nxtnr1ynv0vhzivnnczxbasjnvaep4yqfupwxvz2luo3rpznkgr1j2mnr2chhxxzfsaelrqmdhvddtejaxlum0n2jpd3wjy2lk2sb4rtz4twvivjj4evv0dnrhtkhoyndwunu1mznnaljsvg&client=xe6xmebv2xyutvtgnhhbwvru533mjrlv&protocol=oauth2&audience=https%3a%2f%2fkyro-user-service-mgmqxruica-uc.a.run.app%2f&redirect_uri=https%3a%2f%2fstage.kyro.ai&scope=openid%20profile%20email%20offline_access&response_type=code&response_mode=query&nonce=tmvxenk4othoc3zyzujou1pvwjzkagq5zffly2h6rhywq1pazlraqnnmaw%3d%3d&code_challenge=gbl4_pgkdl2wpfngb8pqcyepkzb0wyzckedigrddrlc&code_challenge_method=s256&auth0client=eyjuyw1lijoiyxv0adatcmvhy3qilcj2zxjzaw9uijoims4xmi4xin0%3d</div>]]>
    </line>
    <line>
      <![CDATA[<div class="test-message">&emsp;Element is displayed:: [[ChromeDriver: chrome on WINDOWS (ac570ae9d173edb0dc1b1b8096f3d627)] -> name: submit]</div>]]>
    </line>
    <line>
      <![CDATA[<div class="test-message">&emsp;Element is displayed:: [[ChromeDriver: chrome on WINDOWS (ac570ae9d173edb0dc1b1b8096f3d627)] -> name: submit]</div>]]>
    </line>
    <line>
      <![CDATA[<div class="test-message">&emsp;Page URL:: https://kyro-stage.us.auth0.com/login?state=hkfo2sbbntfxu2rvm2nxtnr1ynv0vhzivnnczxbasjnvaep4yqfupwxvz2luo3rpznkgr1j2mnr2chhxxzfsaelrqmdhvddtejaxlum0n2jpd3wjy2lk2sb4rtz4twvivjj4evv0dnrhtkhoyndwunu1mznnaljsvg&client=xe6xmebv2xyutvtgnhhbwvru533mjrlv&protocol=oauth2&audience=https%3a%2f%2fkyro-user-service-mgmqxruica-uc.a.run.app%2f&redirect_uri=https%3a%2f%2fstage.kyro.ai&scope=openid%20profile%20email%20offline_access&response_type=code&response_mode=query&nonce=tmvxenk4othoc3zyzujou1pvwjzkagq5zffly2h6rhywq1pazlraqnnmaw%3d%3d&code_challenge=gbl4_pgkdl2wpfngb8pqcyepkzb0wyzckedigrddrlc&code_challenge_method=s256&auth0client=eyjuyw1lijoiyxv0adatcmvhy3qilcj2zxjzaw9uijoims4xmi4xin0%3d</div>]]>
    </line>
    <line>
      <![CDATA[<div class="test-message">&emsp;Page URL:: https://stage.kyro.ai/</div>]]>
    </line>
    <line>
      <![CDATA[<div class="test-message">&emsp;Element is displayed:: [[ChromeDriver: chrome on WINDOWS (ac570ae9d173edb0dc1b1b8096f3d627)] -> xpath: //h2[contains(text(),'Welcome')]]</div>]]>
    </line>
    <line>
      <![CDATA[<div class="test-event"> <font color="maroon"> <small> &emsp; &emsp;--- 06 Aug 22:57:16 507 - --Header Loaded Successfully.</small> </font> </div>]]>
    </line>
    <line>
      <![CDATA[<div class="test-message">&emsp;Page URL:: https://stage.kyro.ai/</div>]]>
    </line>
    <line>
      <![CDATA[<div class="test-message">&emsp;Element is displayed:: [[ChromeDriver: chrome on WINDOWS (ac570ae9d173edb0dc1b1b8096f3d627)] -> xpath: //h2[contains(text(),'Welcome')]]</div>]]>
    </line>
    <line>
      <![CDATA[<div class="test-event"> <font color="maroon"> <small> &emsp; &emsp;--- 06 Aug 22:57:16 747 - --HomePage Loaded Successfully.</small> </font> </div>]]>
    </line>
    <line>
      <![CDATA[<div class="test-message">&emsp;Page URL:: https://stage.kyro.ai/</div>]]>
    </line>
    <line>
      <![CDATA[<div class="test-message">&emsp;Page URL:: https://stage.kyro.ai/</div>]]>
    </line>
    <line>
      <![CDATA[<div class="test-message">&emsp;Element is displayed:: [[ChromeDriver: chrome on WINDOWS (ac570ae9d173edb0dc1b1b8096f3d627)] -> xpath: //h2[contains(text(),'Welcome')]]</div>]]>
    </line>
    <line>
      <![CDATA[<div class="test-event"> <font color="maroon"> <small> &emsp; &emsp;--- 06 Aug 22:57:22 969 - --Header Loaded Successfully.</small> </font> </div>]]>
    </line>
    <line>
      <![CDATA[<div class="test-message">&emsp;Page URL:: https://stage.kyro.ai/</div>]]>
    </line>
    <line>
      <![CDATA[<div class="test-message">&emsp;Element is displayed:: [[ChromeDriver: chrome on WINDOWS (ac570ae9d173edb0dc1b1b8096f3d627)] -> xpath: //h2[contains(text(),'Welcome')]]</div>]]>
    </line>
    <line>
      <![CDATA[<div class="test-event"> <font color="maroon"> <small> &emsp; &emsp;--- 06 Aug 22:57:23 159 - --HomePage Loaded Successfully.</small> </font> </div>]]>
    </line>
    <line>
      <![CDATA[<div class="test-message">&emsp;2. Successfully logged in the application with project manager credentials&emsp;<a href=".\ScreenShot\NotificationTest_02_24.png" target="_blank" >[ScreenShot]</a></div>]]>
    </line>
    <line>
      <![CDATA[<div class="test-message">&emsp;Page URL:: https://stage.kyro.ai/</div>]]>
    </line>
    <line>
      <![CDATA[<div class="test-message">&emsp;Element is displayed:: [[ChromeDriver: chrome on WINDOWS (ac570ae9d173edb0dc1b1b8096f3d627)] -> xpath: //header/div/div/div[2]//button]</div>]]>
    </line>
    <line>
      <![CDATA[<div class="test-message">&emsp;Element is displayed:: [[ChromeDriver: chrome on WINDOWS (ac570ae9d173edb0dc1b1b8096f3d627)] -> xpath: //header/div/div/div[2]//button]</div>]]>
    </line>
    <line>
      <![CDATA[<div class="test-message">&emsp;3. Clicke on Create Project button&emsp;<a href=".\ScreenShot\NotificationTest_02_25.png" target="_blank" >[ScreenShot]</a></div>]]>
    </line>
    <line>
      <![CDATA[<div class="test-message">&emsp;Element is displayed:: [[ChromeDriver: chrome on WINDOWS (ac570ae9d173edb0dc1b1b8096f3d627)] -> xpath: //label/span[contains(text(),'Mark as Public')]]</div>]]>
    </line>
    <line>
      <![CDATA[<div class="test-message">&emsp;Element is displayed:: [[ChromeDriver: chrome on WINDOWS (ac570ae9d173edb0dc1b1b8096f3d627)] -> xpath: //label/span[contains(text(),'Mark as Public')]]</div>]]>
    </line>
    <line>
      <![CDATA[<div class="test-message">&emsp;4. Clicke on Mark as public checkbox&emsp;<a href=".\ScreenShot\NotificationTest_02_26.png" target="_blank" >[ScreenShot]</a></div>]]>
    </line>
    <line>
      <![CDATA[<div class="test-message">&emsp;Element is displayed:: [[ChromeDriver: chrome on WINDOWS (ac570ae9d173edb0dc1b1b8096f3d627)] -> xpath: //button[contains(text(),'Next')]]</div>]]>
    </line>
    <line>
      <![CDATA[<div class="test-message">&emsp;Element is displayed:: [[ChromeDriver: chrome on WINDOWS (ac570ae9d173edb0dc1b1b8096f3d627)] -> xpath: //button[contains(text(),'Next')]]</div>]]>
    </line>
    <line>
      <![CDATA[<div class="test-message">&emsp;5. Clicke on Next button&emsp;<a href=".\ScreenShot\NotificationTest_02_27.png" target="_blank" >[ScreenShot]</a></div>]]>
    </line>
    <line>
      <![CDATA[<div class="test-message">&emsp;Element is displayed:: [[ChromeDriver: chrome on WINDOWS (ac570ae9d173edb0dc1b1b8096f3d627)] -> name: project_name]</div>]]>
    </line>
    <line>
      <![CDATA[<div class="test-message">&emsp;Element is displayed:: [[ChromeDriver: chrome on WINDOWS (ac570ae9d173edb0dc1b1b8096f3d627)] -> name: project_name]</div>]]>
    </line>
    <line>
      <![CDATA[<div class="test-message">&emsp;6. Entered project name&emsp;<a href=".\ScreenShot\NotificationTest_02_28.png" target="_blank" >[ScreenShot]</a></div>]]>
    </line>
    <line>
      <![CDATA[<div class="test-message">&emsp;Element is displayed:: [[ChromeDriver: chrome on WINDOWS (ac570ae9d173edb0dc1b1b8096f3d627)] -> name: project_number]</div>]]>
    </line>
    <line>
      <![CDATA[<div class="test-message">&emsp;Element is displayed:: [[ChromeDriver: chrome on WINDOWS (ac570ae9d173edb0dc1b1b8096f3d627)] -> name: project_number]</div>]]>
    </line>
    <line>
      <![CDATA[<div class="test-message">&emsp;7. Entered billing code&emsp;<a href=".\ScreenShot\NotificationTest_02_29.png" target="_blank" >[ScreenShot]</a></div>]]>
    </line>
    <line>
      <![CDATA[<div class="test-message">&emsp;Element is displayed:: [[ChromeDriver: chrome on WINDOWS (ac570ae9d173edb0dc1b1b8096f3d627)] -> xpath: //textarea[@name='description']]</div>]]>
    </line>
    <line>
      <![CDATA[<div class="test-message">&emsp;Element is displayed:: [[ChromeDriver: chrome on WINDOWS (ac570ae9d173edb0dc1b1b8096f3d627)] -> xpath: //textarea[@name='description']]</div>]]>
    </line>
    <line>
      <![CDATA[<div class="test-message">&emsp;8. Entered description&emsp;<a href=".\ScreenShot\NotificationTest_02_30.png" target="_blank" >[ScreenShot]</a></div>]]>
    </line>
    <line>
      <![CDATA[<div class="test-message">&emsp;Element is displayed:: [[ChromeDriver: chrome on WINDOWS (ac570ae9d173edb0dc1b1b8096f3d627)] -> xpath: //button[contains(text(),'Submit')]]</div>]]>
    </line>
    <line>
      <![CDATA[<div class="test-message">&emsp;Element is displayed:: [[ChromeDriver: chrome on WINDOWS (ac570ae9d173edb0dc1b1b8096f3d627)] -> xpath: //button[contains(text(),'Submit')]]</div>]]>
    </line>
    <line>
      <![CDATA[<div class="test-message">&emsp;Page URL:: https://stage.kyro.ai/</div>]]>
    </line>
    <line>
      <![CDATA[<div class="test-message">&emsp;Element is displayed:: [[ChromeDriver: chrome on WINDOWS (ac570ae9d173edb0dc1b1b8096f3d627)] -> xpath: //main/div/div/div/div[2]/div[1]/div]</div>]]>
    </line>
    <line>
      <![CDATA[<div class="test-event"> <font color="maroon"> <small> &emsp; &emsp;--- 06 Aug 22:57:35 588 - --ProjectDetailsPage Loaded Successfully.</small> </font> </div>]]>
    </line>
    <line>
      <![CDATA[<div class="test-message">&emsp;9. Clicke on Submit button&emsp;<a href=".\ScreenShot\NotificationTest_02_31.png" target="_blank" >[ScreenShot]</a></div>]]>
    </line>
    <line>
      <![CDATA[<div class="test-message">&emsp;Element is displayed:: [[ChromeDriver: chrome on WINDOWS (ac570ae9d173edb0dc1b1b8096f3d627)] -> xpath: //main//h3]</div>]]>
    </line>
    <line>
      <![CDATA[<div class="test-message">&emsp;10. Project created and assigned successfully&emsp;<a href=".\ScreenShot\NotificationTest_02_32.png" target="_blank" >[ScreenShot]</a></div>]]>
    </line>
    <line>
      <![CDATA[<div class="test-message">&emsp;Element is displayed:: [[ChromeDriver: chrome on WINDOWS (ac570ae9d173edb0dc1b1b8096f3d627)] -> xpath: //main/div/div/div/div[2]/div[1]/div/div[1]//input]</div>]]>
    </line>
    <line>
      <![CDATA[<div class="test-message">&emsp;11. Project manager name is displayed as expected&emsp;<a href=".\ScreenShot\NotificationTest_02_33.png" target="_blank" >[ScreenShot]</a></div>]]>
    </line>
    <line>
      <![CDATA[<div class="test-message">&emsp;Element is displayed:: [[ChromeDriver: chrome on WINDOWS (ac570ae9d173edb0dc1b1b8096f3d627)] -> xpath: //main/div/div/div/div[2]/div[1]/div/div[2]//input]</div>]]>
    </line>
    <line>
      <![CDATA[<div class="test-message">&emsp;12. Billing code is displayed as expected&emsp;<a href=".\ScreenShot\NotificationTest_02_34.png" target="_blank" >[ScreenShot]</a></div>]]>
    </line>
    <line>
      <![CDATA[<div class="test-message">&emsp;Unable to find a element after 0 sec ==> [[ChromeDriver: chrome on WINDOWS (ac570ae9d173edb0dc1b1b8096f3d627)] -> xpath: //main/div/div/div/div[2]/div[1]/div/div[3]//input]</div>]]>
    </line>
    <line>
      <![CDATA[<div class="test-message">&emsp;13. Project status is displayed as expected&emsp;<a href=".\ScreenShot\NotificationTest_02_35.png" target="_blank" >[ScreenShot]</a></div>]]>
    </line>
    <line>
      <![CDATA[<div class="test-message">&emsp;Page URL:: https://stage.kyro.ai/projects/64d087cfc7076ba8f35e8934</div>]]>
    </line>
    <line>
      <![CDATA[<div class="test-message">&emsp;Element is displayed:: [[ChromeDriver: chrome on WINDOWS (ac570ae9d173edb0dc1b1b8096f3d627)] -> xpath: //header/div/div/div[2]/div/div[2]/div[2]/span[1]/span]</div>]]>
    </line>
    <line>
      <![CDATA[<div class="test-message">&emsp;14. Notification is not triggered when assigning the project to the same user&emsp;<a href=".\ScreenShot\NotificationTest_02_36.png" target="_blank" >[ScreenShot]</a></div>]]>
    </line>
    <line>
      <![CDATA[<div class="test-message">&emsp;Page URL:: https://kyro-stage.us.auth0.com/login?state=hkfo2saxyuz2d1l1mhjiddiys3hushpvovhurgjrtkrqsktsqafupwxvz2luo3rpznkgqwxkuexsnffwotnrexfozu0xakpilurjywtrczdkss2jy2lk2sb4rtz4twvivjj4evv0dnrhtkhoyndwunu1mznnaljsvg&client=xe6xmebv2xyutvtgnhhbwvru533mjrlv&protocol=oauth2&audience=https%3a%2f%2fkyro-user-service-mgmqxruica-uc.a.run.app%2f&redirect_uri=https%3a%2f%2fstage.kyro.ai&scope=openid%20profile%20email%20offline_access&response_type=code&response_mode=query&nonce=amrhres2ny41txvrxzjdqvpsalnvamd0rwhuz2nndkx1nurmqkh1egnxza%3d%3d&code_challenge=mpudjshudochvnqb7v_yrzvk1hsxesbcgjcmzphzcl4&code_challenge_method=s256&auth0client=eyjuyw1lijoiyxv0adatcmvhy3qilcj2zxjzaw9uijoims4xmi4xin0%3d</div>]]>
    </line>
    <line>
      <![CDATA[<div class="test-message">&emsp;Element is displayed:: [[ChromeDriver: chrome on WINDOWS (66e8939f13a0c6b60ed8d4ed48ec797a)] -> name: email]</div>]]>
    </line>
    <line>
      <![CDATA[<div class="test-event"> <font color="maroon"> <small> &emsp; &emsp;--- 06 Aug 22:58:12 088 - SigninPage Loaded Successfully.</small> </font> </div>]]>
    </line>
    <line>
      <![CDATA[<div class="test-message">&emsp;1. Successfully launched kyro website&emsp;<a href=".\ScreenShot\NotificationTest_03_37.png" target="_blank" >[ScreenShot]</a></div>]]>
    </line>
    <line>
      <![CDATA[<div class="test-message">&emsp;Page URL:: https://kyro-stage.us.auth0.com/login?state=hkfo2saxyuz2d1l1mhjiddiys3hushpvovhurgjrtkrqsktsqafupwxvz2luo3rpznkgqwxkuexsnffwotnrexfozu0xakpilurjywtrczdkss2jy2lk2sb4rtz4twvivjj4evv0dnrhtkhoyndwunu1mznnaljsvg&client=xe6xmebv2xyutvtgnhhbwvru533mjrlv&protocol=oauth2&audience=https%3a%2f%2fkyro-user-service-mgmqxruica-uc.a.run.app%2f&redirect_uri=https%3a%2f%2fstage.kyro.ai&scope=openid%20profile%20email%20offline_access&response_type=code&response_mode=query&nonce=amrhres2ny41txvrxzjdqvpsalnvamd0rwhuz2nndkx1nurmqkh1egnxza%3d%3d&code_challenge=mpudjshudochvnqb7v_yrzvk1hsxesbcgjcmzphzcl4&code_challenge_method=s256&auth0client=eyjuyw1lijoiyxv0adatcmvhy3qilcj2zxjzaw9uijoims4xmi4xin0%3d</div>]]>
    </line>
    <line>
      <![CDATA[<div class="test-message">&emsp;Page URL:: https://kyro-stage.us.auth0.com/login?state=hkfo2saxyuz2d1l1mhjiddiys3hushpvovhurgjrtkrqsktsqafupwxvz2luo3rpznkgqwxkuexsnffwotnrexfozu0xakpilurjywtrczdkss2jy2lk2sb4rtz4twvivjj4evv0dnrhtkhoyndwunu1mznnaljsvg&client=xe6xmebv2xyutvtgnhhbwvru533mjrlv&protocol=oauth2&audience=https%3a%2f%2fkyro-user-service-mgmqxruica-uc.a.run.app%2f&redirect_uri=https%3a%2f%2fstage.kyro.ai&scope=openid%20profile%20email%20offline_access&response_type=code&response_mode=query&nonce=amrhres2ny41txvrxzjdqvpsalnvamd0rwhuz2nndkx1nurmqkh1egnxza%3d%3d&code_challenge=mpudjshudochvnqb7v_yrzvk1hsxesbcgjcmzphzcl4&code_challenge_method=s256&auth0client=eyjuyw1lijoiyxv0adatcmvhy3qilcj2zxjzaw9uijoims4xmi4xin0%3d</div>]]>
    </line>
    <line>
      <![CDATA[<div class="test-message">&emsp;Element is displayed:: [[ChromeDriver: chrome on WINDOWS (66e8939f13a0c6b60ed8d4ed48ec797a)] -> name: email]</div>]]>
    </line>
    <line>
      <![CDATA[<div class="test-message">&emsp;Element is displayed:: [[ChromeDriver: chrome on WINDOWS (66e8939f13a0c6b60ed8d4ed48ec797a)] -> name: email]</div>]]>
    </line>
    <line>
      <![CDATA[<div class="test-message">&emsp;Element is displayed:: [[ChromeDriver: chrome on WINDOWS (66e8939f13a0c6b60ed8d4ed48ec797a)] -> name: password]</div>]]>
    </line>
    <line>
      <![CDATA[<div class="test-message">&emsp;Element is displayed:: [[ChromeDriver: chrome on WINDOWS (66e8939f13a0c6b60ed8d4ed48ec797a)] -> name: password]</div>]]>
    </line>
    <line>
      <![CDATA[<div class="test-message">&emsp;Page URL:: https://kyro-stage.us.auth0.com/login?state=hkfo2saxyuz2d1l1mhjiddiys3hushpvovhurgjrtkrqsktsqafupwxvz2luo3rpznkgqwxkuexsnffwotnrexfozu0xakpilurjywtrczdkss2jy2lk2sb4rtz4twvivjj4evv0dnrhtkhoyndwunu1mznnaljsvg&client=xe6xmebv2xyutvtgnhhbwvru533mjrlv&protocol=oauth2&audience=https%3a%2f%2fkyro-user-service-mgmqxruica-uc.a.run.app%2f&redirect_uri=https%3a%2f%2fstage.kyro.ai&scope=openid%20profile%20email%20offline_access&response_type=code&response_mode=query&nonce=amrhres2ny41txvrxzjdqvpsalnvamd0rwhuz2nndkx1nurmqkh1egnxza%3d%3d&code_challenge=mpudjshudochvnqb7v_yrzvk1hsxesbcgjcmzphzcl4&code_challenge_method=s256&auth0client=eyjuyw1lijoiyxv0adatcmvhy3qilcj2zxjzaw9uijoims4xmi4xin0%3d</div>]]>
    </line>
    <line>
      <![CDATA[<div class="test-message">&emsp;Element is displayed:: [[ChromeDriver: chrome on WINDOWS (66e8939f13a0c6b60ed8d4ed48ec797a)] -> name: submit]</div>]]>
    </line>
    <line>
      <![CDATA[<div class="test-message">&emsp;Element is displayed:: [[ChromeDriver: chrome on WINDOWS (66e8939f13a0c6b60ed8d4ed48ec797a)] -> name: submit]</div>]]>
    </line>
    <line>
      <![CDATA[<div class="test-message">&emsp;Page URL:: https://kyro-stage.us.auth0.com/login?state=hkfo2saxyuz2d1l1mhjiddiys3hushpvovhurgjrtkrqsktsqafupwxvz2luo3rpznkgqwxkuexsnffwotnrexfozu0xakpilurjywtrczdkss2jy2lk2sb4rtz4twvivjj4evv0dnrhtkhoyndwunu1mznnaljsvg&client=xe6xmebv2xyutvtgnhhbwvru533mjrlv&protocol=oauth2&audience=https%3a%2f%2fkyro-user-service-mgmqxruica-uc.a.run.app%2f&redirect_uri=https%3a%2f%2fstage.kyro.ai&scope=openid%20profile%20email%20offline_access&response_type=code&response_mode=query&nonce=amrhres2ny41txvrxzjdqvpsalnvamd0rwhuz2nndkx1nurmqkh1egnxza%3d%3d&code_challenge=mpudjshudochvnqb7v_yrzvk1hsxesbcgjcmzphzcl4&code_challenge_method=s256&auth0client=eyjuyw1lijoiyxv0adatcmvhy3qilcj2zxjzaw9uijoims4xmi4xin0%3d</div>]]>
    </line>
    <line>
      <![CDATA[<div class="test-message">&emsp;Page URL:: https://stage.kyro.ai/?code=lqvavtmborvd-wzvers5hpxvqerik7hfvxmluqjnkm3gf&state=wc42u1rulmjgaxzrv2fos3hyatdyqtvids44rgnzykvvdkdqslvflvfzcg%3d%3d</div>]]>
    </line>
    <line>
      <![CDATA[<div class="test-message">&emsp;Element is displayed:: [[ChromeDriver: chrome on WINDOWS (66e8939f13a0c6b60ed8d4ed48ec797a)] -> xpath: //h2[contains(text(),'Welcome')]]</div>]]>
    </line>
    <line>
      <![CDATA[<div class="test-event"> <font color="maroon"> <small> &emsp; &emsp;--- 06 Aug 22:58:23 540 - --Header Loaded Successfully.</small> </font> </div>]]>
    </line>
    <line>
      <![CDATA[<div class="test-message">&emsp;Page URL:: https://stage.kyro.ai/</div>]]>
    </line>
    <line>
      <![CDATA[<div class="test-message">&emsp;Element is displayed:: [[ChromeDriver: chrome on WINDOWS (66e8939f13a0c6b60ed8d4ed48ec797a)] -> xpath: //h2[contains(text(),'Welcome')]]</div>]]>
    </line>
    <line>
      <![CDATA[<div class="test-event"> <font color="maroon"> <small> &emsp; &emsp;--- 06 Aug 22:58:23 730 - --HomePage Loaded Successfully.</small> </font> </div>]]>
    </line>
    <line>
      <![CDATA[<div class="test-message">&emsp;Page URL:: https://stage.kyro.ai/</div>]]>
    </line>
    <line>
      <![CDATA[<div class="test-message">&emsp;Page URL:: https://stage.kyro.ai/</div>]]>
    </line>
    <line>
      <![CDATA[<div class="test-message">&emsp;Element is displayed:: [[ChromeDriver: chrome on WINDOWS (66e8939f13a0c6b60ed8d4ed48ec797a)] -> xpath: //h2[contains(text(),'Welcome')]]</div>]]>
    </line>
    <line>
      <![CDATA[<div class="test-event"> <font color="maroon"> <small> &emsp; &emsp;--- 06 Aug 22:58:29 957 - --Header Loaded Successfully.</small> </font> </div>]]>
    </line>
    <line>
      <![CDATA[<div class="test-message">&emsp;Page URL:: https://stage.kyro.ai/</div>]]>
    </line>
    <line>
      <![CDATA[<div class="test-message">&emsp;Element is displayed:: [[ChromeDriver: chrome on WINDOWS (66e8939f13a0c6b60ed8d4ed48ec797a)] -> xpath: //h2[contains(text(),'Welcome')]]</div>]]>
    </line>
    <line>
      <![CDATA[<div class="test-event"> <font color="maroon"> <small> &emsp; &emsp;--- 06 Aug 22:58:30 146 - --HomePage Loaded Successfully.</small> </font> </div>]]>
    </line>
    <line>
      <![CDATA[<div class="test-message">&emsp;2. Successfully logged in the application with project manager credentials&emsp;<a href=".\ScreenShot\NotificationTest_03_38.png" target="_blank" >[ScreenShot]</a></div>]]>
    </line>
    <line>
      <![CDATA[<div class="test-message">&emsp;Page URL:: https://stage.kyro.ai/</div>]]>
    </line>
    <line>
      <![CDATA[<div class="test-message">&emsp;Element is displayed:: [[ChromeDriver: chrome on WINDOWS (66e8939f13a0c6b60ed8d4ed48ec797a)] -> xpath: //header/div/div/div[2]//button]</div>]]>
    </line>
    <line>
      <![CDATA[<div class="test-message">&emsp;Element is displayed:: [[ChromeDriver: chrome on WINDOWS (66e8939f13a0c6b60ed8d4ed48ec797a)] -> xpath: //header/div/div/div[2]//button]</div>]]>
    </line>
    <line>
      <![CDATA[<div class="test-message">&emsp;3. Clicke on Create Project button&emsp;<a href=".\ScreenShot\NotificationTest_03_39.png" target="_blank" >[ScreenShot]</a></div>]]>
    </line>
    <line>
      <![CDATA[<div class="test-message">&emsp;Element is displayed:: [[ChromeDriver: chrome on WINDOWS (66e8939f13a0c6b60ed8d4ed48ec797a)] -> xpath: //label/span[contains(text(),'Mark as Public')]]</div>]]>
    </line>
    <line>
      <![CDATA[<div class="test-message">&emsp;Element is displayed:: [[ChromeDriver: chrome on WINDOWS (66e8939f13a0c6b60ed8d4ed48ec797a)] -> xpath: //label/span[contains(text(),'Mark as Public')]]</div>]]>
    </line>
    <line>
      <![CDATA[<div class="test-message">&emsp;4. Clicke on Mark as public checkbox&emsp;<a href=".\ScreenShot\NotificationTest_03_40.png" target="_blank" >[ScreenShot]</a></div>]]>
    </line>
    <line>
      <![CDATA[<div class="test-message">&emsp;Element is displayed:: [[ChromeDriver: chrome on WINDOWS (66e8939f13a0c6b60ed8d4ed48ec797a)] -> xpath: //button[contains(text(),'Next')]]</div>]]>
    </line>
    <line>
      <![CDATA[<div class="test-message">&emsp;Element is displayed:: [[ChromeDriver: chrome on WINDOWS (66e8939f13a0c6b60ed8d4ed48ec797a)] -> xpath: //button[contains(text(),'Next')]]</div>]]>
    </line>
    <line>
      <![CDATA[<div class="test-message">&emsp;5. Clicke on Next button&emsp;<a href=".\ScreenShot\NotificationTest_03_41.png" target="_blank" >[ScreenShot]</a></div>]]>
    </line>
    <line>
      <![CDATA[<div class="test-message">&emsp;Element is displayed:: [[ChromeDriver: chrome on WINDOWS (66e8939f13a0c6b60ed8d4ed48ec797a)] -> name: project_name]</div>]]>
    </line>
    <line>
      <![CDATA[<div class="test-message">&emsp;Element is displayed:: [[ChromeDriver: chrome on WINDOWS (66e8939f13a0c6b60ed8d4ed48ec797a)] -> name: project_name]</div>]]>
    </line>
    <line>
      <![CDATA[<div class="test-message">&emsp;6. Entered project name&emsp;<a href=".\ScreenShot\NotificationTest_03_42.png" target="_blank" >[ScreenShot]</a></div>]]>
    </line>
    <line>
      <![CDATA[<div class="test-message">&emsp;Element is displayed:: [[ChromeDriver: chrome on WINDOWS (66e8939f13a0c6b60ed8d4ed48ec797a)] -> id: project-manager]</div>]]>
    </line>
    <line>
      <![CDATA[<div class="test-message">&emsp;Element is displayed:: [[ChromeDriver: chrome on WINDOWS (66e8939f13a0c6b60ed8d4ed48ec797a)] -> id: project-manager]</div>]]>
    </line>
    <line>
      <![CDATA[<div class="test-message">&emsp;7. Selected project manager&emsp;<a href=".\ScreenShot\NotificationTest_03_43.png" target="_blank" >[ScreenShot]</a></div>]]>
    </line>
    <line>
      <![CDATA[<div class="test-message">&emsp;Element is displayed:: [[ChromeDriver: chrome on WINDOWS (66e8939f13a0c6b60ed8d4ed48ec797a)] -> name: project_number]</div>]]>
    </line>
    <line>
      <![CDATA[<div class="test-message">&emsp;Element is displayed:: [[ChromeDriver: chrome on WINDOWS (66e8939f13a0c6b60ed8d4ed48ec797a)] -> name: project_number]</div>]]>
    </line>
    <line>
      <![CDATA[<div class="test-message">&emsp;8. Entered billing code&emsp;<a href=".\ScreenShot\NotificationTest_03_44.png" target="_blank" >[ScreenShot]</a></div>]]>
    </line>
    <line>
      <![CDATA[<div class="test-message">&emsp;Element is displayed:: [[ChromeDriver: chrome on WINDOWS (66e8939f13a0c6b60ed8d4ed48ec797a)] -> xpath: //textarea[@name='description']]</div>]]>
    </line>
    <line>
      <![CDATA[<div class="test-message">&emsp;Element is displayed:: [[ChromeDriver: chrome on WINDOWS (66e8939f13a0c6b60ed8d4ed48ec797a)] -> xpath: //textarea[@name='description']]</div>]]>
    </line>
    <line>
      <![CDATA[<div class="test-message">&emsp;9. Entered description&emsp;<a href=".\ScreenShot\NotificationTest_03_45.png" target="_blank" >[ScreenShot]</a></div>]]>
    </line>
    <line>
      <![CDATA[<div class="test-message">&emsp;Element is displayed:: [[ChromeDriver: chrome on WINDOWS (66e8939f13a0c6b60ed8d4ed48ec797a)] -> xpath: //button[contains(text(),'Submit')]]</div>]]>
    </line>
    <line>
      <![CDATA[<div class="test-message">&emsp;Element is displayed:: [[ChromeDriver: chrome on WINDOWS (66e8939f13a0c6b60ed8d4ed48ec797a)] -> xpath: //button[contains(text(),'Submit')]]</div>]]>
    </line>
    <line>
      <![CDATA[<div class="test-message">&emsp;10. Clicke on Submit button&emsp;<a href=".\ScreenShot\NotificationTest_03_46.png" target="_blank" >[ScreenShot]</a></div>]]>
    </line>
    <line>
      <![CDATA[<div class="test-message">&emsp;Element is displayed:: [[ChromeDriver: chrome on WINDOWS (66e8939f13a0c6b60ed8d4ed48ec797a)] -> xpath: //div/h6[contains(text(),'Project Name already exists')]]</div>]]>
    </line>
    <line>
      <![CDATA[<div class="test-message">&emsp;11. Project Already Exist error message is displayed&emsp;<a href=".\ScreenShot\NotificationTest_03_47.png" target="_blank" >[ScreenShot]</a></div>]]>
    </line>
  </reporter-output>
  <suite name="Suite" duration-ms="260014" started-at="2023-08-07T05:54:36Z" finished-at="2023-08-07T05:58:56Z">
    <groups>
    </groups>
    <test name="Test" duration-ms="260014" started-at="2023-08-07T05:54:36Z" finished-at="2023-08-07T05:58:56Z">
      <class name="testscripts.NotificationExperienceTest">
        <test-method status="PASS" signature="NotificationTest_01()[pri:0, instance:testscripts.NotificationExperienceTest@cb5822]" name="NotificationTest_01" duration-ms="132354" started-at="2023-08-06T22:54:36Z" description="Verify whether the project manager received the notification when the new project is assigned to them by another project manager" finished-at="2023-08-06T22:56:49Z">
          <reporter-output>
            <line>
              <![CDATA[<div class="test-message">&emsp;Page URL:: https://kyro-stage.us.auth0.com/login?state=hkfo2sbycdvxcm1trxf2rllxoezsujmtutloegvpu2q1thnkc6fupwxvz2luo3rpznkgefgwtejnmuncuklpukhszi1yutzxrmlkbfbtnlrjwfkjy2lk2sb4rtz4twvivjj4evv0dnrhtkhoyndwunu1mznnaljsvg&client=xe6xmebv2xyutvtgnhhbwvru533mjrlv&protocol=oauth2&audience=https%3a%2f%2fkyro-user-service-mgmqxruica-uc.a.run.app%2f&redirect_uri=https%3a%2f%2fstage.kyro.ai&scope=openid%20profile%20email%20offline_access&response_type=code&response_mode=query&nonce=qmfeaklpbu9iyu5xyjnxbxrrzhphdhnuv2rleejuaf9qauxkstjgbdfgqq%3d%3d&code_challenge=si8xarixuets4pbvhelt3xvo4jgu5yxor5hkapvctg4&code_challenge_method=s256&auth0client=eyjuyw1lijoiyxv0adatcmvhy3qilcj2zxjzaw9uijoims4xmi4xin0%3d</div>]]>
            </line>
            <line>
              <![CDATA[<div class="test-message">&emsp;Element is displayed:: [[ChromeDriver: chrome on WINDOWS (65f68ddd658b6033a43677d164ff8896)] -> name: email]</div>]]>
            </line>
            <line>
              <![CDATA[<div class="test-event"> <font color="maroon"> <small> &emsp; &emsp;--- 06 Aug 22:55:11 359 - SigninPage Loaded Successfully.</small> </font> </div>]]>
            </line>
            <line>
              <![CDATA[<div class="test-message">&emsp;1. Successfully launched kyro website&emsp;<a href=".\ScreenShot\NotificationTest_01_1.png" target="_blank" >[ScreenShot]</a></div>]]>
            </line>
            <line>
              <![CDATA[<div class="test-message">&emsp;Page URL:: https://kyro-stage.us.auth0.com/login?state=hkfo2sbycdvxcm1trxf2rllxoezsujmtutloegvpu2q1thnkc6fupwxvz2luo3rpznkgefgwtejnmuncuklpukhszi1yutzxrmlkbfbtnlrjwfkjy2lk2sb4rtz4twvivjj4evv0dnrhtkhoyndwunu1mznnaljsvg&client=xe6xmebv2xyutvtgnhhbwvru533mjrlv&protocol=oauth2&audience=https%3a%2f%2fkyro-user-service-mgmqxruica-uc.a.run.app%2f&redirect_uri=https%3a%2f%2fstage.kyro.ai&scope=openid%20profile%20email%20offline_access&response_type=code&response_mode=query&nonce=qmfeaklpbu9iyu5xyjnxbxrrzhphdhnuv2rleejuaf9qauxkstjgbdfgqq%3d%3d&code_challenge=si8xarixuets4pbvhelt3xvo4jgu5yxor5hkapvctg4&code_challenge_method=s256&auth0client=eyjuyw1lijoiyxv0adatcmvhy3qilcj2zxjzaw9uijoims4xmi4xin0%3d</div>]]>
            </line>
            <line>
              <![CDATA[<div class="test-message">&emsp;Page URL:: https://kyro-stage.us.auth0.com/login?state=hkfo2sbycdvxcm1trxf2rllxoezsujmtutloegvpu2q1thnkc6fupwxvz2luo3rpznkgefgwtejnmuncuklpukhszi1yutzxrmlkbfbtnlrjwfkjy2lk2sb4rtz4twvivjj4evv0dnrhtkhoyndwunu1mznnaljsvg&client=xe6xmebv2xyutvtgnhhbwvru533mjrlv&protocol=oauth2&audience=https%3a%2f%2fkyro-user-service-mgmqxruica-uc.a.run.app%2f&redirect_uri=https%3a%2f%2fstage.kyro.ai&scope=openid%20profile%20email%20offline_access&response_type=code&response_mode=query&nonce=qmfeaklpbu9iyu5xyjnxbxrrzhphdhnuv2rleejuaf9qauxkstjgbdfgqq%3d%3d&code_challenge=si8xarixuets4pbvhelt3xvo4jgu5yxor5hkapvctg4&code_challenge_method=s256&auth0client=eyjuyw1lijoiyxv0adatcmvhy3qilcj2zxjzaw9uijoims4xmi4xin0%3d</div>]]>
            </line>
            <line>
              <![CDATA[<div class="test-message">&emsp;Element is displayed:: [[ChromeDriver: chrome on WINDOWS (65f68ddd658b6033a43677d164ff8896)] -> name: email]</div>]]>
            </line>
            <line>
              <![CDATA[<div class="test-message">&emsp;Element is displayed:: [[ChromeDriver: chrome on WINDOWS (65f68ddd658b6033a43677d164ff8896)] -> name: email]</div>]]>
            </line>
            <line>
              <![CDATA[<div class="test-message">&emsp;Element is displayed:: [[ChromeDriver: chrome on WINDOWS (65f68ddd658b6033a43677d164ff8896)] -> name: password]</div>]]>
            </line>
            <line>
              <![CDATA[<div class="test-message">&emsp;Element is displayed:: [[ChromeDriver: chrome on WINDOWS (65f68ddd658b6033a43677d164ff8896)] -> name: password]</div>]]>
            </line>
            <line>
              <![CDATA[<div class="test-message">&emsp;Page URL:: https://kyro-stage.us.auth0.com/login?state=hkfo2sbycdvxcm1trxf2rllxoezsujmtutloegvpu2q1thnkc6fupwxvz2luo3rpznkgefgwtejnmuncuklpukhszi1yutzxrmlkbfbtnlrjwfkjy2lk2sb4rtz4twvivjj4evv0dnrhtkhoyndwunu1mznnaljsvg&client=xe6xmebv2xyutvtgnhhbwvru533mjrlv&protocol=oauth2&audience=https%3a%2f%2fkyro-user-service-mgmqxruica-uc.a.run.app%2f&redirect_uri=https%3a%2f%2fstage.kyro.ai&scope=openid%20profile%20email%20offline_access&response_type=code&response_mode=query&nonce=qmfeaklpbu9iyu5xyjnxbxrrzhphdhnuv2rleejuaf9qauxkstjgbdfgqq%3d%3d&code_challenge=si8xarixuets4pbvhelt3xvo4jgu5yxor5hkapvctg4&code_challenge_method=s256&auth0client=eyjuyw1lijoiyxv0adatcmvhy3qilcj2zxjzaw9uijoims4xmi4xin0%3d</div>]]>
            </line>
            <line>
              <![CDATA[<div class="test-message">&emsp;Element is displayed:: [[ChromeDriver: chrome on WINDOWS (65f68ddd658b6033a43677d164ff8896)] -> name: submit]</div>]]>
            </line>
            <line>
              <![CDATA[<div class="test-message">&emsp;Element is displayed:: [[ChromeDriver: chrome on WINDOWS (65f68ddd658b6033a43677d164ff8896)] -> name: submit]</div>]]>
            </line>
            <line>
              <![CDATA[<div class="test-message">&emsp;Page URL:: https://kyro-stage.us.auth0.com/login?state=hkfo2sbycdvxcm1trxf2rllxoezsujmtutloegvpu2q1thnkc6fupwxvz2luo3rpznkgefgwtejnmuncuklpukhszi1yutzxrmlkbfbtnlrjwfkjy2lk2sb4rtz4twvivjj4evv0dnrhtkhoyndwunu1mznnaljsvg&client=xe6xmebv2xyutvtgnhhbwvru533mjrlv&protocol=oauth2&audience=https%3a%2f%2fkyro-user-service-mgmqxruica-uc.a.run.app%2f&redirect_uri=https%3a%2f%2fstage.kyro.ai&scope=openid%20profile%20email%20offline_access&response_type=code&response_mode=query&nonce=qmfeaklpbu9iyu5xyjnxbxrrzhphdhnuv2rleejuaf9qauxkstjgbdfgqq%3d%3d&code_challenge=si8xarixuets4pbvhelt3xvo4jgu5yxor5hkapvctg4&code_challenge_method=s256&auth0client=eyjuyw1lijoiyxv0adatcmvhy3qilcj2zxjzaw9uijoims4xmi4xin0%3d</div>]]>
            </line>
            <line>
              <![CDATA[<div class="test-message">&emsp;Page URL:: https://stage.kyro.ai/</div>]]>
            </line>
            <line>
              <![CDATA[<div class="test-message">&emsp;Element is displayed:: [[ChromeDriver: chrome on WINDOWS (65f68ddd658b6033a43677d164ff8896)] -> xpath: //h2[contains(text(),'Welcome')]]</div>]]>
            </line>
            <line>
              <![CDATA[<div class="test-event"> <font color="maroon"> <small> &emsp; &emsp;--- 06 Aug 22:55:23 971 - --Header Loaded Successfully.</small> </font> </div>]]>
            </line>
            <line>
              <![CDATA[<div class="test-message">&emsp;Page URL:: https://stage.kyro.ai/</div>]]>
            </line>
            <line>
              <![CDATA[<div class="test-message">&emsp;Element is displayed:: [[ChromeDriver: chrome on WINDOWS (65f68ddd658b6033a43677d164ff8896)] -> xpath: //h2[contains(text(),'Welcome')]]</div>]]>
            </line>
            <line>
              <![CDATA[<div class="test-event"> <font color="maroon"> <small> &emsp; &emsp;--- 06 Aug 22:55:24 180 - --HomePage Loaded Successfully.</small> </font> </div>]]>
            </line>
            <line>
              <![CDATA[<div class="test-message">&emsp;Page URL:: https://stage.kyro.ai/</div>]]>
            </line>
            <line>
              <![CDATA[<div class="test-message">&emsp;Page URL:: https://stage.kyro.ai/</div>]]>
            </line>
            <line>
              <![CDATA[<div class="test-message">&emsp;Element is displayed:: [[ChromeDriver: chrome on WINDOWS (65f68ddd658b6033a43677d164ff8896)] -> xpath: //h2[contains(text(),'Welcome')]]</div>]]>
            </line>
            <line>
              <![CDATA[<div class="test-event"> <font color="maroon"> <small> &emsp; &emsp;--- 06 Aug 22:55:30 437 - --Header Loaded Successfully.</small> </font> </div>]]>
            </line>
            <line>
              <![CDATA[<div class="test-message">&emsp;Page URL:: https://stage.kyro.ai/</div>]]>
            </line>
            <line>
              <![CDATA[<div class="test-message">&emsp;Element is displayed:: [[ChromeDriver: chrome on WINDOWS (65f68ddd658b6033a43677d164ff8896)] -> xpath: //h2[contains(text(),'Welcome')]]</div>]]>
            </line>
            <line>
              <![CDATA[<div class="test-event"> <font color="maroon"> <small> &emsp; &emsp;--- 06 Aug 22:55:30 673 - --HomePage Loaded Successfully.</small> </font> </div>]]>
            </line>
            <line>
              <![CDATA[<div class="test-message">&emsp;2. Successfully logged in the application with project manager credentials&emsp;<a href=".\ScreenShot\NotificationTest_01_2.png" target="_blank" >[ScreenShot]</a></div>]]>
            </line>
            <line>
              <![CDATA[<div class="test-message">&emsp;Page URL:: https://stage.kyro.ai/</div>]]>
            </line>
            <line>
              <![CDATA[<div class="test-message">&emsp;Element is displayed:: [[ChromeDriver: chrome on WINDOWS (65f68ddd658b6033a43677d164ff8896)] -> xpath: //header/div/div/div[2]//button]</div>]]>
            </line>
            <line>
              <![CDATA[<div class="test-message">&emsp;Element is displayed:: [[ChromeDriver: chrome on WINDOWS (65f68ddd658b6033a43677d164ff8896)] -> xpath: //header/div/div/div[2]//button]</div>]]>
            </line>
            <line>
              <![CDATA[<div class="test-message">&emsp;3. Clicke on Create Project button&emsp;<a href=".\ScreenShot\NotificationTest_01_3.png" target="_blank" >[ScreenShot]</a></div>]]>
            </line>
            <line>
              <![CDATA[<div class="test-message">&emsp;Element is displayed:: [[ChromeDriver: chrome on WINDOWS (65f68ddd658b6033a43677d164ff8896)] -> xpath: //label/span[contains(text(),'Mark as Public')]]</div>]]>
            </line>
            <line>
              <![CDATA[<div class="test-message">&emsp;Element is displayed:: [[ChromeDriver: chrome on WINDOWS (65f68ddd658b6033a43677d164ff8896)] -> xpath: //label/span[contains(text(),'Mark as Public')]]</div>]]>
            </line>
            <line>
              <![CDATA[<div class="test-message">&emsp;4. Clicke on Mark as public checkbox&emsp;<a href=".\ScreenShot\NotificationTest_01_4.png" target="_blank" >[ScreenShot]</a></div>]]>
            </line>
            <line>
              <![CDATA[<div class="test-message">&emsp;Element is displayed:: [[ChromeDriver: chrome on WINDOWS (65f68ddd658b6033a43677d164ff8896)] -> xpath: //button[contains(text(),'Next')]]</div>]]>
            </line>
            <line>
              <![CDATA[<div class="test-message">&emsp;Element is displayed:: [[ChromeDriver: chrome on WINDOWS (65f68ddd658b6033a43677d164ff8896)] -> xpath: //button[contains(text(),'Next')]]</div>]]>
            </line>
            <line>
              <![CDATA[<div class="test-message">&emsp;5. Clicke on Next button&emsp;<a href=".\ScreenShot\NotificationTest_01_5.png" target="_blank" >[ScreenShot]</a></div>]]>
            </line>
            <line>
              <![CDATA[<div class="test-message">&emsp;Element is displayed:: [[ChromeDriver: chrome on WINDOWS (65f68ddd658b6033a43677d164ff8896)] -> name: project_name]</div>]]>
            </line>
            <line>
              <![CDATA[<div class="test-message">&emsp;Element is displayed:: [[ChromeDriver: chrome on WINDOWS (65f68ddd658b6033a43677d164ff8896)] -> name: project_name]</div>]]>
            </line>
            <line>
              <![CDATA[<div class="test-message">&emsp;6. Entered project name&emsp;<a href=".\ScreenShot\NotificationTest_01_6.png" target="_blank" >[ScreenShot]</a></div>]]>
            </line>
            <line>
              <![CDATA[<div class="test-message">&emsp;Element is displayed:: [[ChromeDriver: chrome on WINDOWS (65f68ddd658b6033a43677d164ff8896)] -> id: project-manager]</div>]]>
            </line>
            <line>
              <![CDATA[<div class="test-message">&emsp;Element is displayed:: [[ChromeDriver: chrome on WINDOWS (65f68ddd658b6033a43677d164ff8896)] -> id: project-manager]</div>]]>
            </line>
            <line>
              <![CDATA[<div class="test-message">&emsp;7. Selected project manager&emsp;<a href=".\ScreenShot\NotificationTest_01_7.png" target="_blank" >[ScreenShot]</a></div>]]>
            </line>
            <line>
              <![CDATA[<div class="test-message">&emsp;Element is displayed:: [[ChromeDriver: chrome on WINDOWS (65f68ddd658b6033a43677d164ff8896)] -> name: project_number]</div>]]>
            </line>
            <line>
              <![CDATA[<div class="test-message">&emsp;Element is displayed:: [[ChromeDriver: chrome on WINDOWS (65f68ddd658b6033a43677d164ff8896)] -> name: project_number]</div>]]>
            </line>
            <line>
              <![CDATA[<div class="test-message">&emsp;8. Entered billing code&emsp;<a href=".\ScreenShot\NotificationTest_01_8.png" target="_blank" >[ScreenShot]</a></div>]]>
            </line>
            <line>
              <![CDATA[<div class="test-message">&emsp;Element is displayed:: [[ChromeDriver: chrome on WINDOWS (65f68ddd658b6033a43677d164ff8896)] -> xpath: //textarea[@name='description']]</div>]]>
            </line>
            <line>
              <![CDATA[<div class="test-message">&emsp;Element is displayed:: [[ChromeDriver: chrome on WINDOWS (65f68ddd658b6033a43677d164ff8896)] -> xpath: //textarea[@name='description']]</div>]]>
            </line>
            <line>
              <![CDATA[<div class="test-message">&emsp;9. Entered description&emsp;<a href=".\ScreenShot\NotificationTest_01_9.png" target="_blank" >[ScreenShot]</a></div>]]>
            </line>
            <line>
              <![CDATA[<div class="test-message">&emsp;Element is displayed:: [[ChromeDriver: chrome on WINDOWS (65f68ddd658b6033a43677d164ff8896)] -> xpath: //button[contains(text(),'Submit')]]</div>]]>
            </line>
            <line>
              <![CDATA[<div class="test-message">&emsp;Element is displayed:: [[ChromeDriver: chrome on WINDOWS (65f68ddd658b6033a43677d164ff8896)] -> xpath: //button[contains(text(),'Submit')]]</div>]]>
            </line>
            <line>
              <![CDATA[<div class="test-message">&emsp;Page URL:: https://stage.kyro.ai/</div>]]>
            </line>
            <line>
              <![CDATA[<div class="test-message">&emsp;Element is displayed:: [[ChromeDriver: chrome on WINDOWS (65f68ddd658b6033a43677d164ff8896)] -> xpath: //main/div/div/div/div[2]/div[1]/div]</div>]]>
            </line>
            <line>
              <![CDATA[<div class="test-event"> <font color="maroon"> <small> &emsp; &emsp;--- 06 Aug 22:55:48 916 - --ProjectDetailsPage Loaded Successfully.</small> </font> </div>]]>
            </line>
            <line>
              <![CDATA[<div class="test-message">&emsp;10. Clicke on Submit button&emsp;<a href=".\ScreenShot\NotificationTest_01_10.png" target="_blank" >[ScreenShot]</a></div>]]>
            </line>
            <line>
              <![CDATA[<div class="test-message">&emsp;Element is displayed:: [[ChromeDriver: chrome on WINDOWS (65f68ddd658b6033a43677d164ff8896)] -> xpath: //main//h3]</div>]]>
            </line>
            <line>
              <![CDATA[<div class="test-message">&emsp;11. Project created and assigned successfully&emsp;<a href=".\ScreenShot\NotificationTest_01_11.png" target="_blank" >[ScreenShot]</a></div>]]>
            </line>
            <line>
              <![CDATA[<div class="test-message">&emsp;Element is displayed:: [[ChromeDriver: chrome on WINDOWS (65f68ddd658b6033a43677d164ff8896)] -> xpath: //main/div/div/div/div[2]/div[1]/div/div[1]//input]</div>]]>
            </line>
            <line>
              <![CDATA[<div class="test-message">&emsp;12. Project manager name is displayed as expected&emsp;<a href=".\ScreenShot\NotificationTest_01_12.png" target="_blank" >[ScreenShot]</a></div>]]>
            </line>
            <line>
              <![CDATA[<div class="test-message">&emsp;Element is displayed:: [[ChromeDriver: chrome on WINDOWS (65f68ddd658b6033a43677d164ff8896)] -> xpath: //main/div/div/div/div[2]/div[1]/div/div[2]//input]</div>]]>
            </line>
            <line>
              <![CDATA[<div class="test-message">&emsp;13. Billing code is displayed as expected&emsp;<a href=".\ScreenShot\NotificationTest_01_13.png" target="_blank" >[ScreenShot]</a></div>]]>
            </line>
            <line>
              <![CDATA[<div class="test-message">&emsp;Unable to find a element after 0 sec ==> [[ChromeDriver: chrome on WINDOWS (65f68ddd658b6033a43677d164ff8896)] -> xpath: //main/div/div/div/div[2]/div[1]/div/div[3]//input]</div>]]>
            </line>
            <line>
              <![CDATA[<div class="test-message">&emsp;14. Project status is displayed as expected&emsp;<a href=".\ScreenShot\NotificationTest_01_14.png" target="_blank" >[ScreenShot]</a></div>]]>
            </line>
            <line>
              <![CDATA[<div class="test-message">&emsp;Page URL:: https://stage.kyro.ai/projects/64d087658ded156b7c80fb30</div>]]>
            </line>
            <line>
              <![CDATA[<div class="test-message">&emsp;Element is displayed:: [[ChromeDriver: chrome on WINDOWS (65f68ddd658b6033a43677d164ff8896)] -> xpath: //header/div/div/div[2]/div/div[2]/div[2]/span[2]/div]</div>]]>
            </line>
            <line>
              <![CDATA[<div class="test-message">&emsp;Element is displayed:: [[ChromeDriver: chrome on WINDOWS (65f68ddd658b6033a43677d164ff8896)] -> xpath: //header/div/div/div[2]/div/div[2]/div[2]/span[2]/div]</div>]]>
            </line>
            <line>
              <![CDATA[<div class="test-message">&emsp;Element is displayed:: [[ChromeDriver: chrome on WINDOWS (65f68ddd658b6033a43677d164ff8896)] -> xpath: //div[contains(text(),'Logout')]]</div>]]>
            </line>
            <line>
              <![CDATA[<div class="test-message">&emsp;Element is displayed:: [[ChromeDriver: chrome on WINDOWS (65f68ddd658b6033a43677d164ff8896)] -> xpath: //div[contains(text(),'Logout')]]</div>]]>
            </line>
            <line>
              <![CDATA[<div class="test-message">&emsp;Page URL:: https://kyro-stage.us.auth0.com/login?state=hkfo2sbovzzys2xut2xpzu5tb3phcnq2zufic25lwgjsa1cxr6fupwxvz2luo3rpznkgshdwv1kzogtjsmjoymhnm010q0dxy3hjr2lmcfhkwvajy2lk2sb4rtz4twvivjj4evv0dnrhtkhoyndwunu1mznnaljsvg&client=xe6xmebv2xyutvtgnhhbwvru533mjrlv&protocol=oauth2&audience=https%3a%2f%2fkyro-user-service-mgmqxruica-uc.a.run.app%2f&redirect_uri=https%3a%2f%2fstage.kyro.ai&scope=openid%20profile%20email%20offline_access&response_type=code&response_mode=query&nonce=wnz3dxzime8yrxbbvedisen5u2tkzwjldxnyqvhkvna2uxnnt3bstufxqg%3d%3d&code_challenge=i4zzgxxi5z1ir8ryt3lihe6m20yedlhzvb4vzt6fhhm&code_challenge_method=s256&auth0client=eyjuyw1lijoiyxv0adatcmvhy3qilcj2zxjzaw9uijoims4xmi4xin0%3d</div>]]>
            </line>
            <line>
              <![CDATA[<div class="test-message">&emsp;Element is displayed:: [[ChromeDriver: chrome on WINDOWS (65f68ddd658b6033a43677d164ff8896)] -> name: email]</div>]]>
            </line>
            <line>
              <![CDATA[<div class="test-event"> <font color="maroon"> <small> &emsp; &emsp;--- 06 Aug 22:56:12 716 - SigninPage Loaded Successfully.</small> </font> </div>]]>
            </line>
            <line>
              <![CDATA[<div class="test-message">&emsp;15. Successfully logged out the application&emsp;<a href=".\ScreenShot\NotificationTest_01_15.png" target="_blank" >[ScreenShot]</a></div>]]>
            </line>
            <line>
              <![CDATA[<div class="test-message">&emsp;Page URL:: https://kyro-stage.us.auth0.com/login?state=hkfo2sbovzzys2xut2xpzu5tb3phcnq2zufic25lwgjsa1cxr6fupwxvz2luo3rpznkgshdwv1kzogtjsmjoymhnm010q0dxy3hjr2lmcfhkwvajy2lk2sb4rtz4twvivjj4evv0dnrhtkhoyndwunu1mznnaljsvg&client=xe6xmebv2xyutvtgnhhbwvru533mjrlv&protocol=oauth2&audience=https%3a%2f%2fkyro-user-service-mgmqxruica-uc.a.run.app%2f&redirect_uri=https%3a%2f%2fstage.kyro.ai&scope=openid%20profile%20email%20offline_access&response_type=code&response_mode=query&nonce=wnz3dxzime8yrxbbvedisen5u2tkzwjldxnyqvhkvna2uxnnt3bstufxqg%3d%3d&code_challenge=i4zzgxxi5z1ir8ryt3lihe6m20yedlhzvb4vzt6fhhm&code_challenge_method=s256&auth0client=eyjuyw1lijoiyxv0adatcmvhy3qilcj2zxjzaw9uijoims4xmi4xin0%3d</div>]]>
            </line>
            <line>
              <![CDATA[<div class="test-message">&emsp;Page URL:: https://kyro-stage.us.auth0.com/login?state=hkfo2sbovzzys2xut2xpzu5tb3phcnq2zufic25lwgjsa1cxr6fupwxvz2luo3rpznkgshdwv1kzogtjsmjoymhnm010q0dxy3hjr2lmcfhkwvajy2lk2sb4rtz4twvivjj4evv0dnrhtkhoyndwunu1mznnaljsvg&client=xe6xmebv2xyutvtgnhhbwvru533mjrlv&protocol=oauth2&audience=https%3a%2f%2fkyro-user-service-mgmqxruica-uc.a.run.app%2f&redirect_uri=https%3a%2f%2fstage.kyro.ai&scope=openid%20profile%20email%20offline_access&response_type=code&response_mode=query&nonce=wnz3dxzime8yrxbbvedisen5u2tkzwjldxnyqvhkvna2uxnnt3bstufxqg%3d%3d&code_challenge=i4zzgxxi5z1ir8ryt3lihe6m20yedlhzvb4vzt6fhhm&code_challenge_method=s256&auth0client=eyjuyw1lijoiyxv0adatcmvhy3qilcj2zxjzaw9uijoims4xmi4xin0%3d</div>]]>
            </line>
            <line>
[...]
            </line>
            <line>
              <![CDATA[<div class="test-message">&emsp;8. Entered description&emsp;<a href=".\ScreenShot\NotificationTest_02_30.png" target="_blank" >[ScreenShot]</a></div>]]>
            </line>
            <line>
              <![CDATA[<div class="test-message">&emsp;Element is displayed:: [[ChromeDriver: chrome on WINDOWS (ac570ae9d173edb0dc1b1b8096f3d627)] -> xpath: //button[contains(text(),'Submit')]]</div>]]>
            </line>
            <line>
              <![CDATA[<div class="test-message">&emsp;Element is displayed:: [[ChromeDriver: chrome on WINDOWS (ac570ae9d173edb0dc1b1b8096f3d627)] -> xpath: //button[contains(text(),'Submit')]]</div>]]>
            </line>
            <line>
              <![CDATA[<div class="test-message">&emsp;Page URL:: https://stage.kyro.ai/</div>]]>
            </line>
            <line>
              <![CDATA[<div class="test-message">&emsp;Element is displayed:: [[ChromeDriver: chrome on WINDOWS (ac570ae9d173edb0dc1b1b8096f3d627)] -> xpath: //main/div/div/div/div[2]/div[1]/div]</div>]]>
            </line>
            <line>
              <![CDATA[<div class="test-event"> <font color="maroon"> <small> &emsp; &emsp;--- 06 Aug 22:57:35 588 - --ProjectDetailsPage Loaded Successfully.</small> </font> </div>]]>
            </line>
            <line>
              <![CDATA[<div class="test-message">&emsp;9. Clicke on Submit button&emsp;<a href=".\ScreenShot\NotificationTest_02_31.png" target="_blank" >[ScreenShot]</a></div>]]>
            </line>
            <line>
              <![CDATA[<div class="test-message">&emsp;Element is displayed:: [[ChromeDriver: chrome on WINDOWS (ac570ae9d173edb0dc1b1b8096f3d627)] -> xpath: //main//h3]</div>]]>
            </line>
            <line>
              <![CDATA[<div class="test-message">&emsp;10. Project created and assigned successfully&emsp;<a href=".\ScreenShot\NotificationTest_02_32.png" target="_blank" >[ScreenShot]</a></div>]]>
            </line>
            <line>
              <![CDATA[<div class="test-message">&emsp;Element is displayed:: [[ChromeDriver: chrome on WINDOWS (ac570ae9d173edb0dc1b1b8096f3d627)] -> xpath: //main/div/div/div/div[2]/div[1]/div/div[1]//input]</div>]]>
            </line>
            <line>
              <![CDATA[<div class="test-message">&emsp;11. Project manager name is displayed as expected&emsp;<a href=".\ScreenShot\NotificationTest_02_33.png" target="_blank" >[ScreenShot]</a></div>]]>
            </line>
            <line>
              <![CDATA[<div class="test-message">&emsp;Element is displayed:: [[ChromeDriver: chrome on WINDOWS (ac570ae9d173edb0dc1b1b8096f3d627)] -> xpath: //main/div/div/div/div[2]/div[1]/div/div[2]//input]</div>]]>
            </line>
            <line>
              <![CDATA[<div class="test-message">&emsp;12. Billing code is displayed as expected&emsp;<a href=".\ScreenShot\NotificationTest_02_34.png" target="_blank" >[ScreenShot]</a></div>]]>
            </line>
            <line>
              <![CDATA[<div class="test-message">&emsp;Unable to find a element after 0 sec ==> [[ChromeDriver: chrome on WINDOWS (ac570ae9d173edb0dc1b1b8096f3d627)] -> xpath: //main/div/div/div/div[2]/div[1]/div/div[3]//input]</div>]]>
            </line>
            <line>
              <![CDATA[<div class="test-message">&emsp;13. Project status is displayed as expected&emsp;<a href=".\ScreenShot\NotificationTest_02_35.png" target="_blank" >[ScreenShot]</a></div>]]>
            </line>
            <line>
              <![CDATA[<div class="test-message">&emsp;Page URL:: https://stage.kyro.ai/projects/64d087cfc7076ba8f35e8934</div>]]>
            </line>
            <line>
              <![CDATA[<div class="test-message">&emsp;Element is displayed:: [[ChromeDriver: chrome on WINDOWS (ac570ae9d173edb0dc1b1b8096f3d627)] -> xpath: //header/div/div/div[2]/div/div[2]/div[2]/span[1]/span]</div>]]>
            </line>
            <line>
              <![CDATA[<div class="test-message">&emsp;14. Notification is not triggered when assigning the project to the same user&emsp;<a href=".\ScreenShot\NotificationTest_02_36.png" target="_blank" >[ScreenShot]</a></div>]]>
            </line>
          </reporter-output>
        </test-method> <!-- NotificationTest_02 -->
        <test-method status="PASS" signature="NotificationTest_03()[pri:0, instance:testscripts.NotificationExperienceTest@cb5822]" name="NotificationTest_03" duration-ms="63310" started-at="2023-08-06T22:57:53Z" description="Verify whether the error message is displayed when the project manager create a new project with the existing project name" finished-at="2023-08-06T22:58:56Z">
          <reporter-output>
            <line>
              <![CDATA[<div class="test-message">&emsp;Page URL:: https://kyro-stage.us.auth0.com/login?state=hkfo2saxyuz2d1l1mhjiddiys3hushpvovhurgjrtkrqsktsqafupwxvz2luo3rpznkgqwxkuexsnffwotnrexfozu0xakpilurjywtrczdkss2jy2lk2sb4rtz4twvivjj4evv0dnrhtkhoyndwunu1mznnaljsvg&client=xe6xmebv2xyutvtgnhhbwvru533mjrlv&protocol=oauth2&audience=https%3a%2f%2fkyro-user-service-mgmqxruica-uc.a.run.app%2f&redirect_uri=https%3a%2f%2fstage.kyro.ai&scope=openid%20profile%20email%20offline_access&response_type=code&response_mode=query&nonce=amrhres2ny41txvrxzjdqvpsalnvamd0rwhuz2nndkx1nurmqkh1egnxza%3d%3d&code_challenge=mpudjshudochvnqb7v_yrzvk1hsxesbcgjcmzphzcl4&code_challenge_method=s256&auth0client=eyjuyw1lijoiyxv0adatcmvhy3qilcj2zxjzaw9uijoims4xmi4xin0%3d</div>]]>
            </line>
            <line>
              <![CDATA[<div class="test-message">&emsp;Element is displayed:: [[ChromeDriver: chrome on WINDOWS (66e8939f13a0c6b60ed8d4ed48ec797a)] -> name: email]</div>]]>
            </line>
            <line>
              <![CDATA[<div class="test-event"> <font color="maroon"> <small> &emsp; &emsp;--- 06 Aug 22:58:12 088 - SigninPage Loaded Successfully.</small> </font> </div>]]>
            </line>
            <line>
              <![CDATA[<div class="test-message">&emsp;1. Successfully launched kyro website&emsp;<a href=".\ScreenShot\NotificationTest_03_37.png" target="_blank" >[ScreenShot]</a></div>]]>
            </line>
            <line>
              <![CDATA[<div class="test-message">&emsp;Page URL:: https://kyro-stage.us.auth0.com/login?state=hkfo2saxyuz2d1l1mhjiddiys3hushpvovhurgjrtkrqsktsqafupwxvz2luo3rpznkgqwxkuexsnffwotnrexfozu0xakpilurjywtrczdkss2jy2lk2sb4rtz4twvivjj4evv0dnrhtkhoyndwunu1mznnaljsvg&client=xe6xmebv2xyutvtgnhhbwvru533mjrlv&protocol=oauth2&audience=https%3a%2f%2fkyro-user-service-mgmqxruica-uc.a.run.app%2f&redirect_uri=https%3a%2f%2fstage.kyro.ai&scope=openid%20profile%20email%20offline_access&response_type=code&response_mode=query&nonce=amrhres2ny41txvrxzjdqvpsalnvamd0rwhuz2nndkx1nurmqkh1egnxza%3d%3d&code_challenge=mpudjshudochvnqb7v_yrzvk1hsxesbcgjcmzphzcl4&code_challenge_method=s256&auth0client=eyjuyw1lijoiyxv0adatcmvhy3qilcj2zxjzaw9uijoims4xmi4xin0%3d</div>]]>
            </line>
            <line>
              <![CDATA[<div class="test-message">&emsp;Page URL:: https://kyro-stage.us.auth0.com/login?state=hkfo2saxyuz2d1l1mhjiddiys3hushpvovhurgjrtkrqsktsqafupwxvz2luo3rpznkgqwxkuexsnffwotnrexfozu0xakpilurjywtrczdkss2jy2lk2sb4rtz4twvivjj4evv0dnrhtkhoyndwunu1mznnaljsvg&client=xe6xmebv2xyutvtgnhhbwvru533mjrlv&protocol=oauth2&audience=https%3a%2f%2fkyro-user-service-mgmqxruica-uc.a.run.app%2f&redirect_uri=https%3a%2f%2fstage.kyro.ai&scope=openid%20profile%20email%20offline_access&response_type=code&response_mode=query&nonce=amrhres2ny41txvrxzjdqvpsalnvamd0rwhuz2nndkx1nurmqkh1egnxza%3d%3d&code_challenge=mpudjshudochvnqb7v_yrzvk1hsxesbcgjcmzphzcl4&code_challenge_method=s256&auth0client=eyjuyw1lijoiyxv0adatcmvhy3qilcj2zxjzaw9uijoims4xmi4xin0%3d</div>]]>
            </line>
            <line>
              <![CDATA[<div class="test-message">&emsp;Element is displayed:: [[ChromeDriver: chrome on WINDOWS (66e8939f13a0c6b60ed8d4ed48ec797a)] -> name: email]</div>]]>
            </line>
            <line>
              <![CDATA[<div class="test-message">&emsp;Element is displayed:: [[ChromeDriver: chrome on WINDOWS (66e8939f13a0c6b60ed8d4ed48ec797a)] -> name: email]</div>]]>
            </line>
            <line>
              <![CDATA[<div class="test-message">&emsp;Element is displayed:: [[ChromeDriver: chrome on WINDOWS (66e8939f13a0c6b60ed8d4ed48ec797a)] -> name: password]</div>]]>
            </line>
            <line>
              <![CDATA[<div class="test-message">&emsp;Element is displayed:: [[ChromeDriver: chrome on WINDOWS (66e8939f13a0c6b60ed8d4ed48ec797a)] -> name: password]</div>]]>
            </line>
            <line>
              <![CDATA[<div class="test-message">&emsp;Page URL:: https://kyro-stage.us.auth0.com/login?state=hkfo2saxyuz2d1l1mhjiddiys3hushpvovhurgjrtkrqsktsqafupwxvz2luo3rpznkgqwxkuexsnffwotnrexfozu0xakpilurjywtrczdkss2jy2lk2sb4rtz4twvivjj4evv0dnrhtkhoyndwunu1mznnaljsvg&client=xe6xmebv2xyutvtgnhhbwvru533mjrlv&protocol=oauth2&audience=https%3a%2f%2fkyro-user-service-mgmqxruica-uc.a.run.app%2f&redirect_uri=https%3a%2f%2fstage.kyro.ai&scope=openid%20profile%20email%20offline_access&response_type=code&response_mode=query&nonce=amrhres2ny41txvrxzjdqvpsalnvamd0rwhuz2nndkx1nurmqkh1egnxza%3d%3d&code_challenge=mpudjshudochvnqb7v_yrzvk1hsxesbcgjcmzphzcl4&code_challenge_method=s256&auth0client=eyjuyw1lijoiyxv0adatcmvhy3qilcj2zxjzaw9uijoims4xmi4xin0%3d</div>]]>
            </line>
            <line>
              <![CDATA[<div class="test-message">&emsp;Element is displayed:: [[ChromeDriver: chrome on WINDOWS (66e8939f13a0c6b60ed8d4ed48ec797a)] -> name: submit]</div>]]>
            </line>
            <line>
              <![CDATA[<div class="test-message">&emsp;Element is displayed:: [[ChromeDriver: chrome on WINDOWS (66e8939f13a0c6b60ed8d4ed48ec797a)] -> name: submit]</div>]]>
            </line>
            <line>
              <![CDATA[<div class="test-message">&emsp;Page URL:: https://kyro-stage.us.auth0.com/login?state=hkfo2saxyuz2d1l1mhjiddiys3hushpvovhurgjrtkrqsktsqafupwxvz2luo3rpznkgqwxkuexsnffwotnrexfozu0xakpilurjywtrczdkss2jy2lk2sb4rtz4twvivjj4evv0dnrhtkhoyndwunu1mznnaljsvg&client=xe6xmebv2xyutvtgnhhbwvru533mjrlv&protocol=oauth2&audience=https%3a%2f%2fkyro-user-service-mgmqxruica-uc.a.run.app%2f&redirect_uri=https%3a%2f%2fstage.kyro.ai&scope=openid%20profile%20email%20offline_access&response_type=code&response_mode=query&nonce=amrhres2ny41txvrxzjdqvpsalnvamd0rwhuz2nndkx1nurmqkh1egnxza%3d%3d&code_challenge=mpudjshudochvnqb7v_yrzvk1hsxesbcgjcmzphzcl4&code_challenge_method=s256&auth0client=eyjuyw1lijoiyxv0adatcmvhy3qilcj2zxjzaw9uijoims4xmi4xin0%3d</div>]]>
            </line>
            <line>
              <![CDATA[<div class="test-message">&emsp;Page URL:: https://stage.kyro.ai/?code=lqvavtmborvd-wzvers5hpxvqerik7hfvxmluqjnkm3gf&state=wc42u1rulmjgaxzrv2fos3hyatdyqtvids44rgnzykvvdkdqslvflvfzcg%3d%3d</div>]]>
            </line>
            <line>
              <![CDATA[<div class="test-message">&emsp;Element is displayed:: [[ChromeDriver: chrome on WINDOWS (66e8939f13a0c6b60ed8d4ed48ec797a)] -> xpath: //h2[contains(text(),'Welcome')]]</div>]]>
            </line>
            <line>
              <![CDATA[<div class="test-event"> <font color="maroon"> <small> &emsp; &emsp;--- 06 Aug 22:58:23 540 - --Header Loaded Successfully.</small> </font> </div>]]>
            </line>
            <line>
              <![CDATA[<div class="test-message">&emsp;Page URL:: https://stage.kyro.ai/</div>]]>
            </line>
            <line>
              <![CDATA[<div class="test-message">&emsp;Element is displayed:: [[ChromeDriver: chrome on WINDOWS (66e8939f13a0c6b60ed8d4ed48ec797a)] -> xpath: //h2[contains(text(),'Welcome')]]</div>]]>
            </line>
            <line>
              <![CDATA[<div class="test-event"> <font color="maroon"> <small> &emsp; &emsp;--- 06 Aug 22:58:23 730 - --HomePage Loaded Successfully.</small> </font> </div>]]>
            </line>
            <line>
              <![CDATA[<div class="test-message">&emsp;Page URL:: https://stage.kyro.ai/</div>]]>
            </line>
            <line>
              <![CDATA[<div class="test-message">&emsp;Page URL:: https://stage.kyro.ai/</div>]]>
            </line>
            <line>
              <![CDATA[<div class="test-message">&emsp;Element is displayed:: [[ChromeDriver: chrome on WINDOWS (66e8939f13a0c6b60ed8d4ed48ec797a)] -> xpath: //h2[contains(text(),'Welcome')]]</div>]]>
            </line>
            <line>
              <![CDATA[<div class="test-event"> <font color="maroon"> <small> &emsp; &emsp;--- 06 Aug 22:58:29 957 - --Header Loaded Successfully.</small> </font> </div>]]>
            </line>
            <line>
              <![CDATA[<div class="test-message">&emsp;Page URL:: https://stage.kyro.ai/</div>]]>
            </line>
            <line>
              <![CDATA[<div class="test-message">&emsp;Element is displayed:: [[ChromeDriver: chrome on WINDOWS (66e8939f13a0c6b60ed8d4ed48ec797a)] -> xpath: //h2[contains(text(),'Welcome')]]</div>]]>
            </line>
            <line>
              <![CDATA[<div class="test-event"> <font color="maroon"> <small> &emsp; &emsp;--- 06 Aug 22:58:30 146 - --HomePage Loaded Successfully.</small> </font> </div>]]>
            </line>
            <line>
              <![CDATA[<div class="test-message">&emsp;2. Successfully logged in the application with project manager credentials&emsp;<a href=".\ScreenShot\NotificationTest_03_38.png" target="_blank" >[ScreenShot]</a></div>]]>
            </line>
            <line>
              <![CDATA[<div class="test-message">&emsp;Page URL:: https://stage.kyro.ai/</div>]]>
            </line>
            <line>
              <![CDATA[<div class="test-message">&emsp;Element is displayed:: [[ChromeDriver: chrome on WINDOWS (66e8939f13a0c6b60ed8d4ed48ec797a)] -> xpath: //header/div/div/div[2]//button]</div>]]>
            </line>
            <line>
              <![CDATA[<div class="test-message">&emsp;Element is displayed:: [[ChromeDriver: chrome on WINDOWS (66e8939f13a0c6b60ed8d4ed48ec797a)] -> xpath: //header/div/div/div[2]//button]</div>]]>
            </line>
            <line>
              <![CDATA[<div class="test-message">&emsp;3. Clicke on Create Project button&emsp;<a href=".\ScreenShot\NotificationTest_03_39.png" target="_blank" >[ScreenShot]</a></div>]]>
            </line>
            <line>
              <![CDATA[<div class="test-message">&emsp;Element is displayed:: [[ChromeDriver: chrome on WINDOWS (66e8939f13a0c6b60ed8d4ed48ec797a)] -> xpath: //label/span[contains(text(),'Mark as Public')]]</div>]]>
            </line>
            <line>
              <![CDATA[<div class="test-message">&emsp;Element is displayed:: [[ChromeDriver: chrome on WINDOWS (66e8939f13a0c6b60ed8d4ed48ec797a)] -> xpath: //label/span[contains(text(),'Mark as Public')]]</div>]]>
            </line>
            <line>
              <![CDATA[<div class="test-message">&emsp;4. Clicke on Mark as public checkbox&emsp;<a href=".\ScreenShot\NotificationTest_03_40.png" target="_blank" >[ScreenShot]</a></div>]]>
            </line>
            <line>
              <![CDATA[<div class="test-message">&emsp;Element is displayed:: [[ChromeDriver: chrome on WINDOWS (66e8939f13a0c6b60ed8d4ed48ec797a)] -> xpath: //button[contains(text(),'Next')]]</div>]]>
            </line>
            <line>
              <![CDATA[<div class="test-message">&emsp;Element is displayed:: [[ChromeDriver: chrome on WINDOWS (66e8939f13a0c6b60ed8d4ed48ec797a)] -> xpath: //button[contains(text(),'Next')]]</div>]]>
            </line>
            <line>
              <![CDATA[<div class="test-message">&emsp;5. Clicke on Next button&emsp;<a href=".\ScreenShot\NotificationTest_03_41.png" target="_blank" >[ScreenShot]</a></div>]]>
            </line>
            <line>
              <![CDATA[<div class="test-message">&emsp;Element is displayed:: [[ChromeDriver: chrome on WINDOWS (66e8939f13a0c6b60ed8d4ed48ec797a)] -> name: project_name]</div>]]>
            </line>
            <line>
              <![CDATA[<div class="test-message">&emsp;Element is displayed:: [[ChromeDriver: chrome on WINDOWS (66e8939f13a0c6b60ed8d4ed48ec797a)] -> name: project_name]</div>]]>
            </line>
            <line>
              <![CDATA[<div class="test-message">&emsp;6. Entered project name&emsp;<a href=".\ScreenShot\NotificationTest_03_42.png" target="_blank" >[ScreenShot]</a></div>]]>
            </line>
            <line>
              <![CDATA[<div class="test-message">&emsp;Element is displayed:: [[ChromeDriver: chrome on WINDOWS (66e8939f13a0c6b60ed8d4ed48ec797a)] -> id: project-manager]</div>]]>
            </line>
            <line>
              <![CDATA[<div class="test-message">&emsp;Element is displayed:: [[ChromeDriver: chrome on WINDOWS (66e8939f13a0c6b60ed8d4ed48ec797a)] -> id: project-manager]</div>]]>
            </line>
            <line>
              <![CDATA[<div class="test-message">&emsp;7. Selected project manager&emsp;<a href=".\ScreenShot\NotificationTest_03_43.png" target="_blank" >[ScreenShot]</a></div>]]>
            </line>
            <line>
              <![CDATA[<div class="test-message">&emsp;Element is displayed:: [[ChromeDriver: chrome on WINDOWS (66e8939f13a0c6b60ed8d4ed48ec797a)] -> name: project_number]</div>]]>
            </line>
            <line>
              <![CDATA[<div class="test-message">&emsp;Element is displayed:: [[ChromeDriver: chrome on WINDOWS (66e8939f13a0c6b60ed8d4ed48ec797a)] -> name: project_number]</div>]]>
            </line>
            <line>
              <![CDATA[<div class="test-message">&emsp;8. Entered billing code&emsp;<a href=".\ScreenShot\NotificationTest_03_44.png" target="_blank" >[ScreenShot]</a></div>]]>
            </line>
            <line>
              <![CDATA[<div class="test-message">&emsp;Element is displayed:: [[ChromeDriver: chrome on WINDOWS (66e8939f13a0c6b60ed8d4ed48ec797a)] -> xpath: //textarea[@name='description']]</div>]]>
            </line>
            <line>
              <![CDATA[<div class="test-message">&emsp;Element is displayed:: [[ChromeDriver: chrome on WINDOWS (66e8939f13a0c6b60ed8d4ed48ec797a)] -> xpath: //textarea[@name='description']]</div>]]>
            </line>
            <line>
              <![CDATA[<div class="test-message">&emsp;9. Entered description&emsp;<a href=".\ScreenShot\NotificationTest_03_45.png" target="_blank" >[ScreenShot]</a></div>]]>
            </line>
            <line>
              <![CDATA[<div class="test-message">&emsp;Element is displayed:: [[ChromeDriver: chrome on WINDOWS (66e8939f13a0c6b60ed8d4ed48ec797a)] -> xpath: //button[contains(text(),'Submit')]]</div>]]>
            </line>
            <line>
              <![CDATA[<div class="test-message">&emsp;Element is displayed:: [[ChromeDriver: chrome on WINDOWS (66e8939f13a0c6b60ed8d4ed48ec797a)] -> xpath: //button[contains(text(),'Submit')]]</div>]]>
            </line>
            <line>
              <![CDATA[<div class="test-message">&emsp;10. Clicke on Submit button&emsp;<a href=".\ScreenShot\NotificationTest_03_46.png" target="_blank" >[ScreenShot]</a></div>]]>
            </line>
            <line>
              <![CDATA[<div class="test-message">&emsp;Element is displayed:: [[ChromeDriver: chrome on WINDOWS (66e8939f13a0c6b60ed8d4ed48ec797a)] -> xpath: //div/h6[contains(text(),'Project Name already exists')]]</div>]]>
            </line>
            <line>
              <![CDATA[<div class="test-message">&emsp;11. Project Already Exist error message is displayed&emsp;<a href=".\ScreenShot\NotificationTest_03_47.png" target="_blank" >[ScreenShot]</a></div>]]>
            </line>
          </reporter-output>
        </test-method> <!-- NotificationTest_03 -->
      </class> <!-- testscripts.NotificationExperienceTest -->
    </test> <!-- Test -->
  </suite> <!-- Suite -->
</testng-results>
